#! /opt/homebrew/Cellar/icarus-verilog/12.0/bin/vvp
:ivl_version "12.0 (stable)";
:ivl_delay_selection "TYPICAL";
:vpi_time_precision - 12;
:vpi_module "/opt/homebrew/Cellar/icarus-verilog/12.0/lib/ivl/system.vpi";
:vpi_module "/opt/homebrew/Cellar/icarus-verilog/12.0/lib/ivl/vhdl_sys.vpi";
:vpi_module "/opt/homebrew/Cellar/icarus-verilog/12.0/lib/ivl/vhdl_textio.vpi";
:vpi_module "/opt/homebrew/Cellar/icarus-verilog/12.0/lib/ivl/v2005_math.vpi";
:vpi_module "/opt/homebrew/Cellar/icarus-verilog/12.0/lib/ivl/va_math.vpi";
:vpi_module "/opt/homebrew/Cellar/icarus-verilog/12.0/lib/ivl/v2009.vpi";
S_0x13ff05030 .scope package, "$unit" "$unit" 2 1;
 .timescale 0 0;
S_0x13ff051a0 .scope module, "connected_components" "connected_components" 3 4;
 .timescale -9 -12;
    .port_info 0 /INPUT 1 "clk_in";
    .port_info 1 /INPUT 1 "rst_in";
    .port_info 2 /INPUT 11 "hcount_in";
    .port_info 3 /INPUT 10 "vcount_in";
    .port_info 4 /INPUT 1 "mask_in";
    .port_info 5 /INPUT 1 "valid_in";
    .port_info 6 /OUTPUT 16 "label_out";
    .port_info 7 /OUTPUT 11 "hcount_out";
    .port_info 8 /OUTPUT 10 "vcount_out";
    .port_info 9 /OUTPUT 1 "valid_out";
P_0x13ff1ec40 .param/l "HRES" 0 3 5, +C4<00000000000000000000000101000000>;
P_0x13ff1ec80 .param/l "MAX_LABELS" 0 3 7, +C4<00000000000000000000010000000000>;
P_0x13ff1ecc0 .param/l "MIN_AREA" 0 3 8, +C4<00000000000000000000000000001010>;
P_0x13ff1ed00 .param/l "VRES" 0 3 6, +C4<00000000000000000000000010110100>;
o0x130018070 .functor BUFZ 1, C4<z>; HiZ drive
v0x13ff2b170_0 .net "clk_in", 0 0, o0x130018070;  0 drivers
v0x13ff2b220_0 .var "current_label", 15 0;
o0x1300180d0 .functor BUFZ 11, C4<zzzzzzzzzzz>; HiZ drive
v0x13ff2b2d0_0 .net "hcount_in", 10 0, o0x1300180d0;  0 drivers
v0x13ff2b390_0 .var "hcount_out", 10 0;
v0x13ff2b440 .array "label_area", 0 1023, 31 0;
v0x13ff2b520 .array "label_equivalence", 0 1023, 15 0;
v0x13ff2b5c0 .array "label_memory", 0 319, 15 0;
v0x13ff2ca60_0 .var "label_out", 15 0;
o0x13001bd60 .functor BUFZ 1, C4<z>; HiZ drive
v0x13ff2cb10_0 .net "mask_in", 0 0, o0x13001bd60;  0 drivers
v0x13ff2cc20 .array "neighbor_labels", 0 1, 15 0;
o0x13001bdf0 .functor BUFZ 1, C4<z>; HiZ drive
v0x13ff2cce0_0 .net "rst_in", 0 0, o0x13001bdf0;  0 drivers
o0x13001be20 .functor BUFZ 1, C4<z>; HiZ drive
v0x13ff2cd80_0 .net "valid_in", 0 0, o0x13001be20;  0 drivers
v0x13ff2ce20_0 .var "valid_out", 0 0;
o0x13001be80 .functor BUFZ 10, C4<zzzzzzzzzz>; HiZ drive
v0x13ff2cec0_0 .net "vcount_in", 9 0, o0x13001be80;  0 drivers
v0x13ff2cf70_0 .var "vcount_out", 9 0;
E_0x13ff08c40 .event posedge, v0x13ff2b170_0;
v0x13ff2b5c0_0 .array/port v0x13ff2b5c0, 0;
v0x13ff2b5c0_1 .array/port v0x13ff2b5c0, 1;
v0x13ff2b5c0_2 .array/port v0x13ff2b5c0, 2;
E_0x13ff08130/0 .event anyedge, v0x13ff2b2d0_0, v0x13ff2b5c0_0, v0x13ff2b5c0_1, v0x13ff2b5c0_2;
v0x13ff2b5c0_3 .array/port v0x13ff2b5c0, 3;
v0x13ff2b5c0_4 .array/port v0x13ff2b5c0, 4;
v0x13ff2b5c0_5 .array/port v0x13ff2b5c0, 5;
v0x13ff2b5c0_6 .array/port v0x13ff2b5c0, 6;
E_0x13ff08130/1 .event anyedge, v0x13ff2b5c0_3, v0x13ff2b5c0_4, v0x13ff2b5c0_5, v0x13ff2b5c0_6;
v0x13ff2b5c0_7 .array/port v0x13ff2b5c0, 7;
v0x13ff2b5c0_8 .array/port v0x13ff2b5c0, 8;
v0x13ff2b5c0_9 .array/port v0x13ff2b5c0, 9;
v0x13ff2b5c0_10 .array/port v0x13ff2b5c0, 10;
E_0x13ff08130/2 .event anyedge, v0x13ff2b5c0_7, v0x13ff2b5c0_8, v0x13ff2b5c0_9, v0x13ff2b5c0_10;
v0x13ff2b5c0_11 .array/port v0x13ff2b5c0, 11;
v0x13ff2b5c0_12 .array/port v0x13ff2b5c0, 12;
v0x13ff2b5c0_13 .array/port v0x13ff2b5c0, 13;
v0x13ff2b5c0_14 .array/port v0x13ff2b5c0, 14;
E_0x13ff08130/3 .event anyedge, v0x13ff2b5c0_11, v0x13ff2b5c0_12, v0x13ff2b5c0_13, v0x13ff2b5c0_14;
v0x13ff2b5c0_15 .array/port v0x13ff2b5c0, 15;
v0x13ff2b5c0_16 .array/port v0x13ff2b5c0, 16;
v0x13ff2b5c0_17 .array/port v0x13ff2b5c0, 17;
v0x13ff2b5c0_18 .array/port v0x13ff2b5c0, 18;
E_0x13ff08130/4 .event anyedge, v0x13ff2b5c0_15, v0x13ff2b5c0_16, v0x13ff2b5c0_17, v0x13ff2b5c0_18;
v0x13ff2b5c0_19 .array/port v0x13ff2b5c0, 19;
v0x13ff2b5c0_20 .array/port v0x13ff2b5c0, 20;
v0x13ff2b5c0_21 .array/port v0x13ff2b5c0, 21;
v0x13ff2b5c0_22 .array/port v0x13ff2b5c0, 22;
E_0x13ff08130/5 .event anyedge, v0x13ff2b5c0_19, v0x13ff2b5c0_20, v0x13ff2b5c0_21, v0x13ff2b5c0_22;
v0x13ff2b5c0_23 .array/port v0x13ff2b5c0, 23;
v0x13ff2b5c0_24 .array/port v0x13ff2b5c0, 24;
v0x13ff2b5c0_25 .array/port v0x13ff2b5c0, 25;
v0x13ff2b5c0_26 .array/port v0x13ff2b5c0, 26;
E_0x13ff08130/6 .event anyedge, v0x13ff2b5c0_23, v0x13ff2b5c0_24, v0x13ff2b5c0_25, v0x13ff2b5c0_26;
v0x13ff2b5c0_27 .array/port v0x13ff2b5c0, 27;
v0x13ff2b5c0_28 .array/port v0x13ff2b5c0, 28;
v0x13ff2b5c0_29 .array/port v0x13ff2b5c0, 29;
v0x13ff2b5c0_30 .array/port v0x13ff2b5c0, 30;
E_0x13ff08130/7 .event anyedge, v0x13ff2b5c0_27, v0x13ff2b5c0_28, v0x13ff2b5c0_29, v0x13ff2b5c0_30;
v0x13ff2b5c0_31 .array/port v0x13ff2b5c0, 31;
v0x13ff2b5c0_32 .array/port v0x13ff2b5c0, 32;
v0x13ff2b5c0_33 .array/port v0x13ff2b5c0, 33;
v0x13ff2b5c0_34 .array/port v0x13ff2b5c0, 34;
E_0x13ff08130/8 .event anyedge, v0x13ff2b5c0_31, v0x13ff2b5c0_32, v0x13ff2b5c0_33, v0x13ff2b5c0_34;
v0x13ff2b5c0_35 .array/port v0x13ff2b5c0, 35;
v0x13ff2b5c0_36 .array/port v0x13ff2b5c0, 36;
v0x13ff2b5c0_37 .array/port v0x13ff2b5c0, 37;
v0x13ff2b5c0_38 .array/port v0x13ff2b5c0, 38;
E_0x13ff08130/9 .event anyedge, v0x13ff2b5c0_35, v0x13ff2b5c0_36, v0x13ff2b5c0_37, v0x13ff2b5c0_38;
v0x13ff2b5c0_39 .array/port v0x13ff2b5c0, 39;
v0x13ff2b5c0_40 .array/port v0x13ff2b5c0, 40;
v0x13ff2b5c0_41 .array/port v0x13ff2b5c0, 41;
v0x13ff2b5c0_42 .array/port v0x13ff2b5c0, 42;
E_0x13ff08130/10 .event anyedge, v0x13ff2b5c0_39, v0x13ff2b5c0_40, v0x13ff2b5c0_41, v0x13ff2b5c0_42;
v0x13ff2b5c0_43 .array/port v0x13ff2b5c0, 43;
v0x13ff2b5c0_44 .array/port v0x13ff2b5c0, 44;
v0x13ff2b5c0_45 .array/port v0x13ff2b5c0, 45;
v0x13ff2b5c0_46 .array/port v0x13ff2b5c0, 46;
E_0x13ff08130/11 .event anyedge, v0x13ff2b5c0_43, v0x13ff2b5c0_44, v0x13ff2b5c0_45, v0x13ff2b5c0_46;
v0x13ff2b5c0_47 .array/port v0x13ff2b5c0, 47;
v0x13ff2b5c0_48 .array/port v0x13ff2b5c0, 48;
v0x13ff2b5c0_49 .array/port v0x13ff2b5c0, 49;
v0x13ff2b5c0_50 .array/port v0x13ff2b5c0, 50;
E_0x13ff08130/12 .event anyedge, v0x13ff2b5c0_47, v0x13ff2b5c0_48, v0x13ff2b5c0_49, v0x13ff2b5c0_50;
v0x13ff2b5c0_51 .array/port v0x13ff2b5c0, 51;
v0x13ff2b5c0_52 .array/port v0x13ff2b5c0, 52;
v0x13ff2b5c0_53 .array/port v0x13ff2b5c0, 53;
v0x13ff2b5c0_54 .array/port v0x13ff2b5c0, 54;
E_0x13ff08130/13 .event anyedge, v0x13ff2b5c0_51, v0x13ff2b5c0_52, v0x13ff2b5c0_53, v0x13ff2b5c0_54;
v0x13ff2b5c0_55 .array/port v0x13ff2b5c0, 55;
v0x13ff2b5c0_56 .array/port v0x13ff2b5c0, 56;
v0x13ff2b5c0_57 .array/port v0x13ff2b5c0, 57;
v0x13ff2b5c0_58 .array/port v0x13ff2b5c0, 58;
E_0x13ff08130/14 .event anyedge, v0x13ff2b5c0_55, v0x13ff2b5c0_56, v0x13ff2b5c0_57, v0x13ff2b5c0_58;
v0x13ff2b5c0_59 .array/port v0x13ff2b5c0, 59;
v0x13ff2b5c0_60 .array/port v0x13ff2b5c0, 60;
v0x13ff2b5c0_61 .array/port v0x13ff2b5c0, 61;
v0x13ff2b5c0_62 .array/port v0x13ff2b5c0, 62;
E_0x13ff08130/15 .event anyedge, v0x13ff2b5c0_59, v0x13ff2b5c0_60, v0x13ff2b5c0_61, v0x13ff2b5c0_62;
v0x13ff2b5c0_63 .array/port v0x13ff2b5c0, 63;
v0x13ff2b5c0_64 .array/port v0x13ff2b5c0, 64;
v0x13ff2b5c0_65 .array/port v0x13ff2b5c0, 65;
v0x13ff2b5c0_66 .array/port v0x13ff2b5c0, 66;
E_0x13ff08130/16 .event anyedge, v0x13ff2b5c0_63, v0x13ff2b5c0_64, v0x13ff2b5c0_65, v0x13ff2b5c0_66;
v0x13ff2b5c0_67 .array/port v0x13ff2b5c0, 67;
v0x13ff2b5c0_68 .array/port v0x13ff2b5c0, 68;
v0x13ff2b5c0_69 .array/port v0x13ff2b5c0, 69;
v0x13ff2b5c0_70 .array/port v0x13ff2b5c0, 70;
E_0x13ff08130/17 .event anyedge, v0x13ff2b5c0_67, v0x13ff2b5c0_68, v0x13ff2b5c0_69, v0x13ff2b5c0_70;
v0x13ff2b5c0_71 .array/port v0x13ff2b5c0, 71;
v0x13ff2b5c0_72 .array/port v0x13ff2b5c0, 72;
v0x13ff2b5c0_73 .array/port v0x13ff2b5c0, 73;
v0x13ff2b5c0_74 .array/port v0x13ff2b5c0, 74;
E_0x13ff08130/18 .event anyedge, v0x13ff2b5c0_71, v0x13ff2b5c0_72, v0x13ff2b5c0_73, v0x13ff2b5c0_74;
v0x13ff2b5c0_75 .array/port v0x13ff2b5c0, 75;
v0x13ff2b5c0_76 .array/port v0x13ff2b5c0, 76;
v0x13ff2b5c0_77 .array/port v0x13ff2b5c0, 77;
v0x13ff2b5c0_78 .array/port v0x13ff2b5c0, 78;
E_0x13ff08130/19 .event anyedge, v0x13ff2b5c0_75, v0x13ff2b5c0_76, v0x13ff2b5c0_77, v0x13ff2b5c0_78;
v0x13ff2b5c0_79 .array/port v0x13ff2b5c0, 79;
v0x13ff2b5c0_80 .array/port v0x13ff2b5c0, 80;
v0x13ff2b5c0_81 .array/port v0x13ff2b5c0, 81;
v0x13ff2b5c0_82 .array/port v0x13ff2b5c0, 82;
E_0x13ff08130/20 .event anyedge, v0x13ff2b5c0_79, v0x13ff2b5c0_80, v0x13ff2b5c0_81, v0x13ff2b5c0_82;
v0x13ff2b5c0_83 .array/port v0x13ff2b5c0, 83;
v0x13ff2b5c0_84 .array/port v0x13ff2b5c0, 84;
v0x13ff2b5c0_85 .array/port v0x13ff2b5c0, 85;
v0x13ff2b5c0_86 .array/port v0x13ff2b5c0, 86;
E_0x13ff08130/21 .event anyedge, v0x13ff2b5c0_83, v0x13ff2b5c0_84, v0x13ff2b5c0_85, v0x13ff2b5c0_86;
v0x13ff2b5c0_87 .array/port v0x13ff2b5c0, 87;
v0x13ff2b5c0_88 .array/port v0x13ff2b5c0, 88;
v0x13ff2b5c0_89 .array/port v0x13ff2b5c0, 89;
v0x13ff2b5c0_90 .array/port v0x13ff2b5c0, 90;
E_0x13ff08130/22 .event anyedge, v0x13ff2b5c0_87, v0x13ff2b5c0_88, v0x13ff2b5c0_89, v0x13ff2b5c0_90;
v0x13ff2b5c0_91 .array/port v0x13ff2b5c0, 91;
v0x13ff2b5c0_92 .array/port v0x13ff2b5c0, 92;
v0x13ff2b5c0_93 .array/port v0x13ff2b5c0, 93;
v0x13ff2b5c0_94 .array/port v0x13ff2b5c0, 94;
E_0x13ff08130/23 .event anyedge, v0x13ff2b5c0_91, v0x13ff2b5c0_92, v0x13ff2b5c0_93, v0x13ff2b5c0_94;
v0x13ff2b5c0_95 .array/port v0x13ff2b5c0, 95;
v0x13ff2b5c0_96 .array/port v0x13ff2b5c0, 96;
v0x13ff2b5c0_97 .array/port v0x13ff2b5c0, 97;
v0x13ff2b5c0_98 .array/port v0x13ff2b5c0, 98;
E_0x13ff08130/24 .event anyedge, v0x13ff2b5c0_95, v0x13ff2b5c0_96, v0x13ff2b5c0_97, v0x13ff2b5c0_98;
v0x13ff2b5c0_99 .array/port v0x13ff2b5c0, 99;
v0x13ff2b5c0_100 .array/port v0x13ff2b5c0, 100;
v0x13ff2b5c0_101 .array/port v0x13ff2b5c0, 101;
v0x13ff2b5c0_102 .array/port v0x13ff2b5c0, 102;
E_0x13ff08130/25 .event anyedge, v0x13ff2b5c0_99, v0x13ff2b5c0_100, v0x13ff2b5c0_101, v0x13ff2b5c0_102;
v0x13ff2b5c0_103 .array/port v0x13ff2b5c0, 103;
v0x13ff2b5c0_104 .array/port v0x13ff2b5c0, 104;
v0x13ff2b5c0_105 .array/port v0x13ff2b5c0, 105;
v0x13ff2b5c0_106 .array/port v0x13ff2b5c0, 106;
E_0x13ff08130/26 .event anyedge, v0x13ff2b5c0_103, v0x13ff2b5c0_104, v0x13ff2b5c0_105, v0x13ff2b5c0_106;
v0x13ff2b5c0_107 .array/port v0x13ff2b5c0, 107;
v0x13ff2b5c0_108 .array/port v0x13ff2b5c0, 108;
v0x13ff2b5c0_109 .array/port v0x13ff2b5c0, 109;
v0x13ff2b5c0_110 .array/port v0x13ff2b5c0, 110;
E_0x13ff08130/27 .event anyedge, v0x13ff2b5c0_107, v0x13ff2b5c0_108, v0x13ff2b5c0_109, v0x13ff2b5c0_110;
v0x13ff2b5c0_111 .array/port v0x13ff2b5c0, 111;
v0x13ff2b5c0_112 .array/port v0x13ff2b5c0, 112;
v0x13ff2b5c0_113 .array/port v0x13ff2b5c0, 113;
v0x13ff2b5c0_114 .array/port v0x13ff2b5c0, 114;
E_0x13ff08130/28 .event anyedge, v0x13ff2b5c0_111, v0x13ff2b5c0_112, v0x13ff2b5c0_113, v0x13ff2b5c0_114;
v0x13ff2b5c0_115 .array/port v0x13ff2b5c0, 115;
v0x13ff2b5c0_116 .array/port v0x13ff2b5c0, 116;
v0x13ff2b5c0_117 .array/port v0x13ff2b5c0, 117;
v0x13ff2b5c0_118 .array/port v0x13ff2b5c0, 118;
E_0x13ff08130/29 .event anyedge, v0x13ff2b5c0_115, v0x13ff2b5c0_116, v0x13ff2b5c0_117, v0x13ff2b5c0_118;
v0x13ff2b5c0_119 .array/port v0x13ff2b5c0, 119;
v0x13ff2b5c0_120 .array/port v0x13ff2b5c0, 120;
v0x13ff2b5c0_121 .array/port v0x13ff2b5c0, 121;
v0x13ff2b5c0_122 .array/port v0x13ff2b5c0, 122;
E_0x13ff08130/30 .event anyedge, v0x13ff2b5c0_119, v0x13ff2b5c0_120, v0x13ff2b5c0_121, v0x13ff2b5c0_122;
v0x13ff2b5c0_123 .array/port v0x13ff2b5c0, 123;
v0x13ff2b5c0_124 .array/port v0x13ff2b5c0, 124;
v0x13ff2b5c0_125 .array/port v0x13ff2b5c0, 125;
v0x13ff2b5c0_126 .array/port v0x13ff2b5c0, 126;
E_0x13ff08130/31 .event anyedge, v0x13ff2b5c0_123, v0x13ff2b5c0_124, v0x13ff2b5c0_125, v0x13ff2b5c0_126;
v0x13ff2b5c0_127 .array/port v0x13ff2b5c0, 127;
v0x13ff2b5c0_128 .array/port v0x13ff2b5c0, 128;
v0x13ff2b5c0_129 .array/port v0x13ff2b5c0, 129;
v0x13ff2b5c0_130 .array/port v0x13ff2b5c0, 130;
E_0x13ff08130/32 .event anyedge, v0x13ff2b5c0_127, v0x13ff2b5c0_128, v0x13ff2b5c0_129, v0x13ff2b5c0_130;
v0x13ff2b5c0_131 .array/port v0x13ff2b5c0, 131;
v0x13ff2b5c0_132 .array/port v0x13ff2b5c0, 132;
v0x13ff2b5c0_133 .array/port v0x13ff2b5c0, 133;
v0x13ff2b5c0_134 .array/port v0x13ff2b5c0, 134;
E_0x13ff08130/33 .event anyedge, v0x13ff2b5c0_131, v0x13ff2b5c0_132, v0x13ff2b5c0_133, v0x13ff2b5c0_134;
v0x13ff2b5c0_135 .array/port v0x13ff2b5c0, 135;
v0x13ff2b5c0_136 .array/port v0x13ff2b5c0, 136;
v0x13ff2b5c0_137 .array/port v0x13ff2b5c0, 137;
v0x13ff2b5c0_138 .array/port v0x13ff2b5c0, 138;
E_0x13ff08130/34 .event anyedge, v0x13ff2b5c0_135, v0x13ff2b5c0_136, v0x13ff2b5c0_137, v0x13ff2b5c0_138;
v0x13ff2b5c0_139 .array/port v0x13ff2b5c0, 139;
v0x13ff2b5c0_140 .array/port v0x13ff2b5c0, 140;
v0x13ff2b5c0_141 .array/port v0x13ff2b5c0, 141;
v0x13ff2b5c0_142 .array/port v0x13ff2b5c0, 142;
E_0x13ff08130/35 .event anyedge, v0x13ff2b5c0_139, v0x13ff2b5c0_140, v0x13ff2b5c0_141, v0x13ff2b5c0_142;
v0x13ff2b5c0_143 .array/port v0x13ff2b5c0, 143;
v0x13ff2b5c0_144 .array/port v0x13ff2b5c0, 144;
v0x13ff2b5c0_145 .array/port v0x13ff2b5c0, 145;
v0x13ff2b5c0_146 .array/port v0x13ff2b5c0, 146;
E_0x13ff08130/36 .event anyedge, v0x13ff2b5c0_143, v0x13ff2b5c0_144, v0x13ff2b5c0_145, v0x13ff2b5c0_146;
v0x13ff2b5c0_147 .array/port v0x13ff2b5c0, 147;
v0x13ff2b5c0_148 .array/port v0x13ff2b5c0, 148;
v0x13ff2b5c0_149 .array/port v0x13ff2b5c0, 149;
v0x13ff2b5c0_150 .array/port v0x13ff2b5c0, 150;
E_0x13ff08130/37 .event anyedge, v0x13ff2b5c0_147, v0x13ff2b5c0_148, v0x13ff2b5c0_149, v0x13ff2b5c0_150;
v0x13ff2b5c0_151 .array/port v0x13ff2b5c0, 151;
v0x13ff2b5c0_152 .array/port v0x13ff2b5c0, 152;
v0x13ff2b5c0_153 .array/port v0x13ff2b5c0, 153;
v0x13ff2b5c0_154 .array/port v0x13ff2b5c0, 154;
E_0x13ff08130/38 .event anyedge, v0x13ff2b5c0_151, v0x13ff2b5c0_152, v0x13ff2b5c0_153, v0x13ff2b5c0_154;
v0x13ff2b5c0_155 .array/port v0x13ff2b5c0, 155;
v0x13ff2b5c0_156 .array/port v0x13ff2b5c0, 156;
v0x13ff2b5c0_157 .array/port v0x13ff2b5c0, 157;
v0x13ff2b5c0_158 .array/port v0x13ff2b5c0, 158;
E_0x13ff08130/39 .event anyedge, v0x13ff2b5c0_155, v0x13ff2b5c0_156, v0x13ff2b5c0_157, v0x13ff2b5c0_158;
v0x13ff2b5c0_159 .array/port v0x13ff2b5c0, 159;
v0x13ff2b5c0_160 .array/port v0x13ff2b5c0, 160;
v0x13ff2b5c0_161 .array/port v0x13ff2b5c0, 161;
v0x13ff2b5c0_162 .array/port v0x13ff2b5c0, 162;
E_0x13ff08130/40 .event anyedge, v0x13ff2b5c0_159, v0x13ff2b5c0_160, v0x13ff2b5c0_161, v0x13ff2b5c0_162;
v0x13ff2b5c0_163 .array/port v0x13ff2b5c0, 163;
v0x13ff2b5c0_164 .array/port v0x13ff2b5c0, 164;
v0x13ff2b5c0_165 .array/port v0x13ff2b5c0, 165;
v0x13ff2b5c0_166 .array/port v0x13ff2b5c0, 166;
E_0x13ff08130/41 .event anyedge, v0x13ff2b5c0_163, v0x13ff2b5c0_164, v0x13ff2b5c0_165, v0x13ff2b5c0_166;
v0x13ff2b5c0_167 .array/port v0x13ff2b5c0, 167;
v0x13ff2b5c0_168 .array/port v0x13ff2b5c0, 168;
v0x13ff2b5c0_169 .array/port v0x13ff2b5c0, 169;
v0x13ff2b5c0_170 .array/port v0x13ff2b5c0, 170;
E_0x13ff08130/42 .event anyedge, v0x13ff2b5c0_167, v0x13ff2b5c0_168, v0x13ff2b5c0_169, v0x13ff2b5c0_170;
v0x13ff2b5c0_171 .array/port v0x13ff2b5c0, 171;
v0x13ff2b5c0_172 .array/port v0x13ff2b5c0, 172;
v0x13ff2b5c0_173 .array/port v0x13ff2b5c0, 173;
v0x13ff2b5c0_174 .array/port v0x13ff2b5c0, 174;
E_0x13ff08130/43 .event anyedge, v0x13ff2b5c0_171, v0x13ff2b5c0_172, v0x13ff2b5c0_173, v0x13ff2b5c0_174;
v0x13ff2b5c0_175 .array/port v0x13ff2b5c0, 175;
v0x13ff2b5c0_176 .array/port v0x13ff2b5c0, 176;
v0x13ff2b5c0_177 .array/port v0x13ff2b5c0, 177;
v0x13ff2b5c0_178 .array/port v0x13ff2b5c0, 178;
E_0x13ff08130/44 .event anyedge, v0x13ff2b5c0_175, v0x13ff2b5c0_176, v0x13ff2b5c0_177, v0x13ff2b5c0_178;
v0x13ff2b5c0_179 .array/port v0x13ff2b5c0, 179;
v0x13ff2b5c0_180 .array/port v0x13ff2b5c0, 180;
v0x13ff2b5c0_181 .array/port v0x13ff2b5c0, 181;
v0x13ff2b5c0_182 .array/port v0x13ff2b5c0, 182;
E_0x13ff08130/45 .event anyedge, v0x13ff2b5c0_179, v0x13ff2b5c0_180, v0x13ff2b5c0_181, v0x13ff2b5c0_182;
v0x13ff2b5c0_183 .array/port v0x13ff2b5c0, 183;
v0x13ff2b5c0_184 .array/port v0x13ff2b5c0, 184;
v0x13ff2b5c0_185 .array/port v0x13ff2b5c0, 185;
v0x13ff2b5c0_186 .array/port v0x13ff2b5c0, 186;
E_0x13ff08130/46 .event anyedge, v0x13ff2b5c0_183, v0x13ff2b5c0_184, v0x13ff2b5c0_185, v0x13ff2b5c0_186;
v0x13ff2b5c0_187 .array/port v0x13ff2b5c0, 187;
v0x13ff2b5c0_188 .array/port v0x13ff2b5c0, 188;
v0x13ff2b5c0_189 .array/port v0x13ff2b5c0, 189;
v0x13ff2b5c0_190 .array/port v0x13ff2b5c0, 190;
E_0x13ff08130/47 .event anyedge, v0x13ff2b5c0_187, v0x13ff2b5c0_188, v0x13ff2b5c0_189, v0x13ff2b5c0_190;
v0x13ff2b5c0_191 .array/port v0x13ff2b5c0, 191;
v0x13ff2b5c0_192 .array/port v0x13ff2b5c0, 192;
v0x13ff2b5c0_193 .array/port v0x13ff2b5c0, 193;
v0x13ff2b5c0_194 .array/port v0x13ff2b5c0, 194;
E_0x13ff08130/48 .event anyedge, v0x13ff2b5c0_191, v0x13ff2b5c0_192, v0x13ff2b5c0_193, v0x13ff2b5c0_194;
v0x13ff2b5c0_195 .array/port v0x13ff2b5c0, 195;
v0x13ff2b5c0_196 .array/port v0x13ff2b5c0, 196;
v0x13ff2b5c0_197 .array/port v0x13ff2b5c0, 197;
v0x13ff2b5c0_198 .array/port v0x13ff2b5c0, 198;
E_0x13ff08130/49 .event anyedge, v0x13ff2b5c0_195, v0x13ff2b5c0_196, v0x13ff2b5c0_197, v0x13ff2b5c0_198;
v0x13ff2b5c0_199 .array/port v0x13ff2b5c0, 199;
v0x13ff2b5c0_200 .array/port v0x13ff2b5c0, 200;
v0x13ff2b5c0_201 .array/port v0x13ff2b5c0, 201;
v0x13ff2b5c0_202 .array/port v0x13ff2b5c0, 202;
E_0x13ff08130/50 .event anyedge, v0x13ff2b5c0_199, v0x13ff2b5c0_200, v0x13ff2b5c0_201, v0x13ff2b5c0_202;
v0x13ff2b5c0_203 .array/port v0x13ff2b5c0, 203;
v0x13ff2b5c0_204 .array/port v0x13ff2b5c0, 204;
v0x13ff2b5c0_205 .array/port v0x13ff2b5c0, 205;
v0x13ff2b5c0_206 .array/port v0x13ff2b5c0, 206;
E_0x13ff08130/51 .event anyedge, v0x13ff2b5c0_203, v0x13ff2b5c0_204, v0x13ff2b5c0_205, v0x13ff2b5c0_206;
v0x13ff2b5c0_207 .array/port v0x13ff2b5c0, 207;
v0x13ff2b5c0_208 .array/port v0x13ff2b5c0, 208;
v0x13ff2b5c0_209 .array/port v0x13ff2b5c0, 209;
v0x13ff2b5c0_210 .array/port v0x13ff2b5c0, 210;
E_0x13ff08130/52 .event anyedge, v0x13ff2b5c0_207, v0x13ff2b5c0_208, v0x13ff2b5c0_209, v0x13ff2b5c0_210;
v0x13ff2b5c0_211 .array/port v0x13ff2b5c0, 211;
v0x13ff2b5c0_212 .array/port v0x13ff2b5c0, 212;
v0x13ff2b5c0_213 .array/port v0x13ff2b5c0, 213;
v0x13ff2b5c0_214 .array/port v0x13ff2b5c0, 214;
E_0x13ff08130/53 .event anyedge, v0x13ff2b5c0_211, v0x13ff2b5c0_212, v0x13ff2b5c0_213, v0x13ff2b5c0_214;
v0x13ff2b5c0_215 .array/port v0x13ff2b5c0, 215;
v0x13ff2b5c0_216 .array/port v0x13ff2b5c0, 216;
v0x13ff2b5c0_217 .array/port v0x13ff2b5c0, 217;
v0x13ff2b5c0_218 .array/port v0x13ff2b5c0, 218;
E_0x13ff08130/54 .event anyedge, v0x13ff2b5c0_215, v0x13ff2b5c0_216, v0x13ff2b5c0_217, v0x13ff2b5c0_218;
v0x13ff2b5c0_219 .array/port v0x13ff2b5c0, 219;
v0x13ff2b5c0_220 .array/port v0x13ff2b5c0, 220;
v0x13ff2b5c0_221 .array/port v0x13ff2b5c0, 221;
v0x13ff2b5c0_222 .array/port v0x13ff2b5c0, 222;
E_0x13ff08130/55 .event anyedge, v0x13ff2b5c0_219, v0x13ff2b5c0_220, v0x13ff2b5c0_221, v0x13ff2b5c0_222;
v0x13ff2b5c0_223 .array/port v0x13ff2b5c0, 223;
v0x13ff2b5c0_224 .array/port v0x13ff2b5c0, 224;
v0x13ff2b5c0_225 .array/port v0x13ff2b5c0, 225;
v0x13ff2b5c0_226 .array/port v0x13ff2b5c0, 226;
E_0x13ff08130/56 .event anyedge, v0x13ff2b5c0_223, v0x13ff2b5c0_224, v0x13ff2b5c0_225, v0x13ff2b5c0_226;
v0x13ff2b5c0_227 .array/port v0x13ff2b5c0, 227;
v0x13ff2b5c0_228 .array/port v0x13ff2b5c0, 228;
v0x13ff2b5c0_229 .array/port v0x13ff2b5c0, 229;
v0x13ff2b5c0_230 .array/port v0x13ff2b5c0, 230;
E_0x13ff08130/57 .event anyedge, v0x13ff2b5c0_227, v0x13ff2b5c0_228, v0x13ff2b5c0_229, v0x13ff2b5c0_230;
v0x13ff2b5c0_231 .array/port v0x13ff2b5c0, 231;
v0x13ff2b5c0_232 .array/port v0x13ff2b5c0, 232;
v0x13ff2b5c0_233 .array/port v0x13ff2b5c0, 233;
v0x13ff2b5c0_234 .array/port v0x13ff2b5c0, 234;
E_0x13ff08130/58 .event anyedge, v0x13ff2b5c0_231, v0x13ff2b5c0_232, v0x13ff2b5c0_233, v0x13ff2b5c0_234;
v0x13ff2b5c0_235 .array/port v0x13ff2b5c0, 235;
v0x13ff2b5c0_236 .array/port v0x13ff2b5c0, 236;
v0x13ff2b5c0_237 .array/port v0x13ff2b5c0, 237;
v0x13ff2b5c0_238 .array/port v0x13ff2b5c0, 238;
E_0x13ff08130/59 .event anyedge, v0x13ff2b5c0_235, v0x13ff2b5c0_236, v0x13ff2b5c0_237, v0x13ff2b5c0_238;
v0x13ff2b5c0_239 .array/port v0x13ff2b5c0, 239;
v0x13ff2b5c0_240 .array/port v0x13ff2b5c0, 240;
v0x13ff2b5c0_241 .array/port v0x13ff2b5c0, 241;
v0x13ff2b5c0_242 .array/port v0x13ff2b5c0, 242;
E_0x13ff08130/60 .event anyedge, v0x13ff2b5c0_239, v0x13ff2b5c0_240, v0x13ff2b5c0_241, v0x13ff2b5c0_242;
v0x13ff2b5c0_243 .array/port v0x13ff2b5c0, 243;
v0x13ff2b5c0_244 .array/port v0x13ff2b5c0, 244;
v0x13ff2b5c0_245 .array/port v0x13ff2b5c0, 245;
v0x13ff2b5c0_246 .array/port v0x13ff2b5c0, 246;
E_0x13ff08130/61 .event anyedge, v0x13ff2b5c0_243, v0x13ff2b5c0_244, v0x13ff2b5c0_245, v0x13ff2b5c0_246;
v0x13ff2b5c0_247 .array/port v0x13ff2b5c0, 247;
v0x13ff2b5c0_248 .array/port v0x13ff2b5c0, 248;
v0x13ff2b5c0_249 .array/port v0x13ff2b5c0, 249;
v0x13ff2b5c0_250 .array/port v0x13ff2b5c0, 250;
E_0x13ff08130/62 .event anyedge, v0x13ff2b5c0_247, v0x13ff2b5c0_248, v0x13ff2b5c0_249, v0x13ff2b5c0_250;
v0x13ff2b5c0_251 .array/port v0x13ff2b5c0, 251;
v0x13ff2b5c0_252 .array/port v0x13ff2b5c0, 252;
v0x13ff2b5c0_253 .array/port v0x13ff2b5c0, 253;
v0x13ff2b5c0_254 .array/port v0x13ff2b5c0, 254;
E_0x13ff08130/63 .event anyedge, v0x13ff2b5c0_251, v0x13ff2b5c0_252, v0x13ff2b5c0_253, v0x13ff2b5c0_254;
v0x13ff2b5c0_255 .array/port v0x13ff2b5c0, 255;
v0x13ff2b5c0_256 .array/port v0x13ff2b5c0, 256;
v0x13ff2b5c0_257 .array/port v0x13ff2b5c0, 257;
v0x13ff2b5c0_258 .array/port v0x13ff2b5c0, 258;
E_0x13ff08130/64 .event anyedge, v0x13ff2b5c0_255, v0x13ff2b5c0_256, v0x13ff2b5c0_257, v0x13ff2b5c0_258;
v0x13ff2b5c0_259 .array/port v0x13ff2b5c0, 259;
v0x13ff2b5c0_260 .array/port v0x13ff2b5c0, 260;
v0x13ff2b5c0_261 .array/port v0x13ff2b5c0, 261;
v0x13ff2b5c0_262 .array/port v0x13ff2b5c0, 262;
E_0x13ff08130/65 .event anyedge, v0x13ff2b5c0_259, v0x13ff2b5c0_260, v0x13ff2b5c0_261, v0x13ff2b5c0_262;
v0x13ff2b5c0_263 .array/port v0x13ff2b5c0, 263;
v0x13ff2b5c0_264 .array/port v0x13ff2b5c0, 264;
v0x13ff2b5c0_265 .array/port v0x13ff2b5c0, 265;
v0x13ff2b5c0_266 .array/port v0x13ff2b5c0, 266;
E_0x13ff08130/66 .event anyedge, v0x13ff2b5c0_263, v0x13ff2b5c0_264, v0x13ff2b5c0_265, v0x13ff2b5c0_266;
v0x13ff2b5c0_267 .array/port v0x13ff2b5c0, 267;
v0x13ff2b5c0_268 .array/port v0x13ff2b5c0, 268;
v0x13ff2b5c0_269 .array/port v0x13ff2b5c0, 269;
v0x13ff2b5c0_270 .array/port v0x13ff2b5c0, 270;
E_0x13ff08130/67 .event anyedge, v0x13ff2b5c0_267, v0x13ff2b5c0_268, v0x13ff2b5c0_269, v0x13ff2b5c0_270;
v0x13ff2b5c0_271 .array/port v0x13ff2b5c0, 271;
v0x13ff2b5c0_272 .array/port v0x13ff2b5c0, 272;
v0x13ff2b5c0_273 .array/port v0x13ff2b5c0, 273;
v0x13ff2b5c0_274 .array/port v0x13ff2b5c0, 274;
E_0x13ff08130/68 .event anyedge, v0x13ff2b5c0_271, v0x13ff2b5c0_272, v0x13ff2b5c0_273, v0x13ff2b5c0_274;
v0x13ff2b5c0_275 .array/port v0x13ff2b5c0, 275;
v0x13ff2b5c0_276 .array/port v0x13ff2b5c0, 276;
v0x13ff2b5c0_277 .array/port v0x13ff2b5c0, 277;
v0x13ff2b5c0_278 .array/port v0x13ff2b5c0, 278;
E_0x13ff08130/69 .event anyedge, v0x13ff2b5c0_275, v0x13ff2b5c0_276, v0x13ff2b5c0_277, v0x13ff2b5c0_278;
v0x13ff2b5c0_279 .array/port v0x13ff2b5c0, 279;
v0x13ff2b5c0_280 .array/port v0x13ff2b5c0, 280;
v0x13ff2b5c0_281 .array/port v0x13ff2b5c0, 281;
v0x13ff2b5c0_282 .array/port v0x13ff2b5c0, 282;
E_0x13ff08130/70 .event anyedge, v0x13ff2b5c0_279, v0x13ff2b5c0_280, v0x13ff2b5c0_281, v0x13ff2b5c0_282;
v0x13ff2b5c0_283 .array/port v0x13ff2b5c0, 283;
v0x13ff2b5c0_284 .array/port v0x13ff2b5c0, 284;
v0x13ff2b5c0_285 .array/port v0x13ff2b5c0, 285;
v0x13ff2b5c0_286 .array/port v0x13ff2b5c0, 286;
E_0x13ff08130/71 .event anyedge, v0x13ff2b5c0_283, v0x13ff2b5c0_284, v0x13ff2b5c0_285, v0x13ff2b5c0_286;
v0x13ff2b5c0_287 .array/port v0x13ff2b5c0, 287;
v0x13ff2b5c0_288 .array/port v0x13ff2b5c0, 288;
v0x13ff2b5c0_289 .array/port v0x13ff2b5c0, 289;
v0x13ff2b5c0_290 .array/port v0x13ff2b5c0, 290;
E_0x13ff08130/72 .event anyedge, v0x13ff2b5c0_287, v0x13ff2b5c0_288, v0x13ff2b5c0_289, v0x13ff2b5c0_290;
v0x13ff2b5c0_291 .array/port v0x13ff2b5c0, 291;
v0x13ff2b5c0_292 .array/port v0x13ff2b5c0, 292;
v0x13ff2b5c0_293 .array/port v0x13ff2b5c0, 293;
v0x13ff2b5c0_294 .array/port v0x13ff2b5c0, 294;
E_0x13ff08130/73 .event anyedge, v0x13ff2b5c0_291, v0x13ff2b5c0_292, v0x13ff2b5c0_293, v0x13ff2b5c0_294;
v0x13ff2b5c0_295 .array/port v0x13ff2b5c0, 295;
v0x13ff2b5c0_296 .array/port v0x13ff2b5c0, 296;
v0x13ff2b5c0_297 .array/port v0x13ff2b5c0, 297;
v0x13ff2b5c0_298 .array/port v0x13ff2b5c0, 298;
E_0x13ff08130/74 .event anyedge, v0x13ff2b5c0_295, v0x13ff2b5c0_296, v0x13ff2b5c0_297, v0x13ff2b5c0_298;
v0x13ff2b5c0_299 .array/port v0x13ff2b5c0, 299;
v0x13ff2b5c0_300 .array/port v0x13ff2b5c0, 300;
v0x13ff2b5c0_301 .array/port v0x13ff2b5c0, 301;
v0x13ff2b5c0_302 .array/port v0x13ff2b5c0, 302;
E_0x13ff08130/75 .event anyedge, v0x13ff2b5c0_299, v0x13ff2b5c0_300, v0x13ff2b5c0_301, v0x13ff2b5c0_302;
v0x13ff2b5c0_303 .array/port v0x13ff2b5c0, 303;
v0x13ff2b5c0_304 .array/port v0x13ff2b5c0, 304;
v0x13ff2b5c0_305 .array/port v0x13ff2b5c0, 305;
v0x13ff2b5c0_306 .array/port v0x13ff2b5c0, 306;
E_0x13ff08130/76 .event anyedge, v0x13ff2b5c0_303, v0x13ff2b5c0_304, v0x13ff2b5c0_305, v0x13ff2b5c0_306;
v0x13ff2b5c0_307 .array/port v0x13ff2b5c0, 307;
v0x13ff2b5c0_308 .array/port v0x13ff2b5c0, 308;
v0x13ff2b5c0_309 .array/port v0x13ff2b5c0, 309;
v0x13ff2b5c0_310 .array/port v0x13ff2b5c0, 310;
E_0x13ff08130/77 .event anyedge, v0x13ff2b5c0_307, v0x13ff2b5c0_308, v0x13ff2b5c0_309, v0x13ff2b5c0_310;
v0x13ff2b5c0_311 .array/port v0x13ff2b5c0, 311;
v0x13ff2b5c0_312 .array/port v0x13ff2b5c0, 312;
v0x13ff2b5c0_313 .array/port v0x13ff2b5c0, 313;
v0x13ff2b5c0_314 .array/port v0x13ff2b5c0, 314;
E_0x13ff08130/78 .event anyedge, v0x13ff2b5c0_311, v0x13ff2b5c0_312, v0x13ff2b5c0_313, v0x13ff2b5c0_314;
v0x13ff2b5c0_315 .array/port v0x13ff2b5c0, 315;
v0x13ff2b5c0_316 .array/port v0x13ff2b5c0, 316;
v0x13ff2b5c0_317 .array/port v0x13ff2b5c0, 317;
v0x13ff2b5c0_318 .array/port v0x13ff2b5c0, 318;
E_0x13ff08130/79 .event anyedge, v0x13ff2b5c0_315, v0x13ff2b5c0_316, v0x13ff2b5c0_317, v0x13ff2b5c0_318;
v0x13ff2b5c0_319 .array/port v0x13ff2b5c0, 319;
E_0x13ff08130/80 .event anyedge, v0x13ff2b5c0_319;
E_0x13ff08130 .event/or E_0x13ff08130/0, E_0x13ff08130/1, E_0x13ff08130/2, E_0x13ff08130/3, E_0x13ff08130/4, E_0x13ff08130/5, E_0x13ff08130/6, E_0x13ff08130/7, E_0x13ff08130/8, E_0x13ff08130/9, E_0x13ff08130/10, E_0x13ff08130/11, E_0x13ff08130/12, E_0x13ff08130/13, E_0x13ff08130/14, E_0x13ff08130/15, E_0x13ff08130/16, E_0x13ff08130/17, E_0x13ff08130/18, E_0x13ff08130/19, E_0x13ff08130/20, E_0x13ff08130/21, E_0x13ff08130/22, E_0x13ff08130/23, E_0x13ff08130/24, E_0x13ff08130/25, E_0x13ff08130/26, E_0x13ff08130/27, E_0x13ff08130/28, E_0x13ff08130/29, E_0x13ff08130/30, E_0x13ff08130/31, E_0x13ff08130/32, E_0x13ff08130/33, E_0x13ff08130/34, E_0x13ff08130/35, E_0x13ff08130/36, E_0x13ff08130/37, E_0x13ff08130/38, E_0x13ff08130/39, E_0x13ff08130/40, E_0x13ff08130/41, E_0x13ff08130/42, E_0x13ff08130/43, E_0x13ff08130/44, E_0x13ff08130/45, E_0x13ff08130/46, E_0x13ff08130/47, E_0x13ff08130/48, E_0x13ff08130/49, E_0x13ff08130/50, E_0x13ff08130/51, E_0x13ff08130/52, E_0x13ff08130/53, E_0x13ff08130/54, E_0x13ff08130/55, E_0x13ff08130/56, E_0x13ff08130/57, E_0x13ff08130/58, E_0x13ff08130/59, E_0x13ff08130/60, E_0x13ff08130/61, E_0x13ff08130/62, E_0x13ff08130/63, E_0x13ff08130/64, E_0x13ff08130/65, E_0x13ff08130/66, E_0x13ff08130/67, E_0x13ff08130/68, E_0x13ff08130/69, E_0x13ff08130/70, E_0x13ff08130/71, E_0x13ff08130/72, E_0x13ff08130/73, E_0x13ff08130/74, E_0x13ff08130/75, E_0x13ff08130/76, E_0x13ff08130/77, E_0x13ff08130/78, E_0x13ff08130/79, E_0x13ff08130/80;
E_0x13ff06980 .event posedge, v0x13ff2cce0_0, v0x13ff2b170_0;
S_0x13ff1ee30 .scope begin, "$ivl_for_loop0" "$ivl_for_loop0" 3 37, 3 37 0, S_0x13ff051a0;
 .timescale -9 -12;
v0x13ff1ac50_0 .var/2s "i", 31 0;
S_0x13ff2aef0 .scope begin, "$ivl_for_loop1" "$ivl_for_loop1" 3 38, 3 38 0, S_0x13ff051a0;
 .timescale -9 -12;
v0x13ff2b0c0_0 .var/2s "i", 31 0;
    .scope S_0x13ff051a0;
T_0 ;
    %wait E_0x13ff06980;
    %load/vec4 v0x13ff2cce0_0;
    %flag_set/vec4 8;
    %jmp/0xz  T_0.0, 8;
    %fork t_1, S_0x13ff1ee30;
    %jmp t_0;
    .scope S_0x13ff1ee30;
t_1 ;
    %pushi/vec4 0, 0, 32;
    %store/vec4 v0x13ff1ac50_0, 0, 32;
T_0.2 ;
    %load/vec4 v0x13ff1ac50_0;
    %cmpi/s 320, 0, 32;
    %jmp/0xz T_0.3, 5;
    %pushi/vec4 0, 0, 16;
    %ix/getv/s 3, v0x13ff1ac50_0;
    %ix/load 4, 0, 0; Constant delay
    %assign/vec4/a/d v0x13ff2b5c0, 0, 4;
    ; show_stmt_assign_vector: Get l-value for compressed += operand
    %load/vec4 v0x13ff1ac50_0;
    %pushi/vec4 1, 0, 32;
    %add;
    %cast2;
    %store/vec4 v0x13ff1ac50_0, 0, 32;
    %jmp T_0.2;
T_0.3 ;
    %end;
    .scope S_0x13ff051a0;
t_0 %join;
    %fork t_3, S_0x13ff2aef0;
    %jmp t_2;
    .scope S_0x13ff2aef0;
t_3 ;
    %pushi/vec4 0, 0, 32;
    %store/vec4 v0x13ff2b0c0_0, 0, 32;
T_0.4 ;
    %load/vec4 v0x13ff2b0c0_0;
    %cmpi/s 1024, 0, 32;
    %jmp/0xz T_0.5, 5;
    %pushi/vec4 0, 0, 32;
    %ix/getv/s 3, v0x13ff2b0c0_0;
    %ix/load 4, 0, 0; Constant delay
    %assign/vec4/a/d v0x13ff2b440, 0, 4;
    %load/vec4 v0x13ff2b0c0_0;
    %pad/s 16;
    %ix/getv/s 3, v0x13ff2b0c0_0;
    %ix/load 4, 0, 0; Constant delay
    %assign/vec4/a/d v0x13ff2b520, 0, 4;
    ; show_stmt_assign_vector: Get l-value for compressed += operand
    %load/vec4 v0x13ff2b0c0_0;
    %pushi/vec4 1, 0, 32;
    %add;
    %cast2;
    %store/vec4 v0x13ff2b0c0_0, 0, 32;
    %jmp T_0.4;
T_0.5 ;
    %end;
    .scope S_0x13ff051a0;
t_2 %join;
T_0.0 ;
    %jmp T_0;
    .thread T_0;
    .scope S_0x13ff051a0;
T_1 ;
Ewait_0 .event/or E_0x13ff08130, E_0x0;
    %wait Ewait_0;
    %load/vec4 v0x13ff2b2d0_0;
    %pad/u 32;
    %cmpi/e 0, 0, 32;
    %flag_mov 8, 4;
    %jmp/0 T_1.0, 8;
    %pushi/vec4 0, 0, 16;
    %jmp/1 T_1.1, 8;
T_1.0 ; End of true expr.
    %load/vec4 v0x13ff2b2d0_0;
    %pad/u 32;
    %subi 1, 0, 32;
    %ix/vec4 4;
    %load/vec4a v0x13ff2b5c0, 4;
    %jmp/0 T_1.1, 8;
 ; End of false expr.
    %blend;
T_1.1;
    %ix/load 4, 0, 0;
    %flag_set/imm 4, 0;
    %store/vec4a v0x13ff2cc20, 4, 0;
    %ix/getv 4, v0x13ff2b2d0_0;
    %load/vec4a v0x13ff2b5c0, 4;
    %ix/load 4, 1, 0;
    %flag_set/imm 4, 0;
    %store/vec4a v0x13ff2cc20, 4, 0;
    %jmp T_1;
    .thread T_1, $push;
    .scope S_0x13ff051a0;
T_2 ;
    %wait E_0x13ff08c40;
    %load/vec4 v0x13ff2cd80_0;
    %flag_set/vec4 8;
    %jmp/0xz  T_2.0, 8;
    %load/vec4 v0x13ff2cb10_0;
    %flag_set/vec4 8;
    %jmp/0xz  T_2.2, 8;
    %ix/load 4, 0, 0;
    %flag_set/imm 4, 0;
    %load/vec4a v0x13ff2cc20, 4;
    %pad/u 32;
    %cmpi/e 0, 0, 32;
    %flag_get/vec4 4;
    %jmp/0 T_2.6, 4;
    %ix/load 4, 1, 0;
    %flag_set/imm 4, 0;
    %load/vec4a v0x13ff2cc20, 4;
    %pad/u 32;
    %pushi/vec4 0, 0, 32;
    %cmp/e;
    %flag_get/vec4 4;
    %and;
T_2.6;
    %flag_set/vec4 8;
    %jmp/0xz  T_2.4, 8;
    %load/vec4 v0x13ff2b220_0;
    %addi 1, 0, 16;
    %assign/vec4 v0x13ff2b220_0, 0;
    %pushi/vec4 1, 0, 32;
    %ix/getv 3, v0x13ff2b220_0;
    %ix/load 4, 0, 0; Constant delay
    %assign/vec4/a/d v0x13ff2b440, 0, 4;
    %load/vec4 v0x13ff2b220_0;
    %ix/getv 3, v0x13ff2b2d0_0;
    %ix/load 4, 0, 0; Constant delay
    %assign/vec4/a/d v0x13ff2b5c0, 0, 4;
    %jmp T_2.5;
T_2.4 ;
    %ix/load 4, 0, 0;
    %flag_set/imm 4, 0;
    %load/vec4a v0x13ff2cc20, 4;
    %pad/u 32;
    %cmpi/ne 0, 0, 32;
    %flag_get/vec4 4;
    %jmp/0 T_2.9, 4;
    %ix/load 4, 1, 0;
    %flag_set/imm 4, 0;
    %load/vec4a v0x13ff2cc20, 4;
    %pad/u 32;
    %pushi/vec4 0, 0, 32;
    %cmp/e;
    %flag_get/vec4 4;
    %and;
T_2.9;
    %flag_set/vec4 8;
    %jmp/0xz  T_2.7, 8;
    %ix/load 4, 0, 0;
    %flag_set/imm 4, 0;
    %load/vec4a v0x13ff2cc20, 4;
    %ix/getv 3, v0x13ff2b2d0_0;
    %ix/load 4, 0, 0; Constant delay
    %assign/vec4/a/d v0x13ff2b5c0, 0, 4;
    %ix/load 5, 0, 0;
    %flag_set/imm 4, 0;
    %load/vec4a v0x13ff2cc20, 5;
    %ix/vec4 4;
    %load/vec4a v0x13ff2b440, 4;
    %addi 1, 0, 32;
    %ix/load 4, 0, 0;
    %flag_set/imm 4, 0;
    %load/vec4a v0x13ff2cc20, 4;
    %ix/vec4 3;
    %ix/load 4, 0, 0; Constant delay
    %assign/vec4/a/d v0x13ff2b440, 0, 4;
    %jmp T_2.8;
T_2.7 ;
    %ix/load 4, 0, 0;
    %flag_set/imm 4, 0;
    %load/vec4a v0x13ff2cc20, 4;
    %pad/u 32;
    %cmpi/e 0, 0, 32;
    %flag_get/vec4 4;
    %jmp/0 T_2.12, 4;
    %ix/load 4, 1, 0;
    %flag_set/imm 4, 0;
    %load/vec4a v0x13ff2cc20, 4;
    %pad/u 32;
    %pushi/vec4 0, 0, 32;
    %cmp/ne;
    %flag_get/vec4 4;
    %and;
T_2.12;
    %flag_set/vec4 8;
    %jmp/0xz  T_2.10, 8;
    %ix/load 4, 1, 0;
    %flag_set/imm 4, 0;
    %load/vec4a v0x13ff2cc20, 4;
    %ix/getv 3, v0x13ff2b2d0_0;
    %ix/load 4, 0, 0; Constant delay
    %assign/vec4/a/d v0x13ff2b5c0, 0, 4;
    %ix/load 5, 1, 0;
    %flag_set/imm 4, 0;
    %load/vec4a v0x13ff2cc20, 5;
    %ix/vec4 4;
    %load/vec4a v0x13ff2b440, 4;
    %addi 1, 0, 32;
    %ix/load 4, 1, 0;
    %flag_set/imm 4, 0;
    %load/vec4a v0x13ff2cc20, 4;
    %ix/vec4 3;
    %ix/load 4, 0, 0; Constant delay
    %assign/vec4/a/d v0x13ff2b440, 0, 4;
    %jmp T_2.11;
T_2.10 ;
    %ix/load 4, 0, 0;
    %flag_set/imm 4, 0;
    %load/vec4a v0x13ff2cc20, 4;
    %ix/load 4, 1, 0;
    %flag_set/imm 4, 0;
    %load/vec4a v0x13ff2cc20, 4;
    %cmp/ne;
    %jmp/0xz  T_2.13, 4;
    %ix/load 4, 0, 0;
    %flag_set/imm 4, 0;
    %load/vec4a v0x13ff2cc20, 4;
    %ix/load 4, 1, 0;
    %flag_set/imm 4, 0;
    %load/vec4a v0x13ff2cc20, 4;
    %cmp/u;
    %flag_mov 8, 5;
    %jmp/0 T_2.15, 8;
    %ix/load 4, 0, 0;
    %flag_set/imm 4, 0;
    %load/vec4a v0x13ff2cc20, 4;
    %jmp/1 T_2.16, 8;
T_2.15 ; End of true expr.
    %ix/load 4, 1, 0;
    %flag_set/imm 4, 0;
    %load/vec4a v0x13ff2cc20, 4;
    %jmp/0 T_2.16, 8;
 ; End of false expr.
    %blend;
T_2.16;
    %ix/getv 3, v0x13ff2b2d0_0;
    %ix/load 4, 0, 0; Constant delay
    %assign/vec4/a/d v0x13ff2b5c0, 0, 4;
    %ix/getv 5, v0x13ff2b2d0_0;
    %load/vec4a v0x13ff2b5c0, 5;
    %ix/vec4 4;
    %load/vec4a v0x13ff2b440, 4;
    %addi 1, 0, 32;
    %ix/getv 4, v0x13ff2b2d0_0;
    %load/vec4a v0x13ff2b5c0, 4;
    %ix/vec4 3;
    %ix/load 4, 0, 0; Constant delay
    %assign/vec4/a/d v0x13ff2b440, 0, 4;
    %ix/getv 4, v0x13ff2b2d0_0;
    %load/vec4a v0x13ff2b5c0, 4;
    %ix/load 4, 0, 0;
    %flag_set/imm 4, 0;
    %load/vec4a v0x13ff2cc20, 4;
    %ix/vec4 3;
    %ix/load 4, 0, 0; Constant delay
    %assign/vec4/a/d v0x13ff2b520, 0, 4;
    %ix/getv 4, v0x13ff2b2d0_0;
    %load/vec4a v0x13ff2b5c0, 4;
    %ix/load 4, 1, 0;
    %flag_set/imm 4, 0;
    %load/vec4a v0x13ff2cc20, 4;
    %ix/vec4 3;
    %ix/load 4, 0, 0; Constant delay
    %assign/vec4/a/d v0x13ff2b520, 0, 4;
T_2.13 ;
T_2.11 ;
T_2.8 ;
T_2.5 ;
    %jmp T_2.3;
T_2.2 ;
    %pushi/vec4 0, 0, 16;
    %ix/getv 3, v0x13ff2b2d0_0;
    %ix/load 4, 0, 0; Constant delay
    %assign/vec4/a/d v0x13ff2b5c0, 0, 4;
T_2.3 ;
T_2.0 ;
    %jmp T_2;
    .thread T_2;
    .scope S_0x13ff051a0;
T_3 ;
    %wait E_0x13ff08c40;
    %load/vec4 v0x13ff2cd80_0;
    %flag_set/vec4 8;
    %jmp/0xz  T_3.0, 8;
    %ix/getv 5, v0x13ff2b2d0_0;
    %load/vec4a v0x13ff2b5c0, 5;
    %ix/vec4 4;
    %load/vec4a v0x13ff2b440, 4;
    %cmpi/u 10, 0, 32;
    %flag_inv 5; GE is !LT
    %flag_mov 8, 5;
    %jmp/0 T_3.2, 8;
    %ix/getv 5, v0x13ff2b2d0_0;
    %load/vec4a v0x13ff2b5c0, 5;
    %ix/vec4 4;
    %load/vec4a v0x13ff2b520, 4;
    %jmp/1 T_3.3, 8;
T_3.2 ; End of true expr.
    %pushi/vec4 0, 0, 16;
    %jmp/0 T_3.3, 8;
 ; End of false expr.
    %blend;
T_3.3;
    %assign/vec4 v0x13ff2ca60_0, 0;
    %load/vec4 v0x13ff2b2d0_0;
    %assign/vec4 v0x13ff2b390_0, 0;
    %load/vec4 v0x13ff2cec0_0;
    %assign/vec4 v0x13ff2cf70_0, 0;
    %load/vec4 v0x13ff2cd80_0;
    %assign/vec4 v0x13ff2ce20_0, 0;
T_3.0 ;
    %jmp T_3;
    .thread T_3;
# The file index is used to find the file name in the following table.
:file_names 4;
    "N/A";
    "<interactive>";
    "-";
    "hdl/connected_components.sv";
