Copyright 1986-2022 Xilinx, Inc. All Rights Reserved. Copyright 2022-2024 Advanced Micro Devices, Inc. All Rights Reserved.
-------------------------------------------------------------------------------------------------------------------------------------------------
| Tool Version     : Vivado v.2024.1 (lin64) Build 5076996 Wed May 22 18:36:09 MDT 2024
| Date             : Tue Dec 10 03:49:54 2024
| Host             : eecs-digital-36 running 64-bit Ubuntu 24.04.1 LTS
| Command          : report_power -file obj/post_route_power.rpt
| Design           : top_level
| Device           : xc7s50csga324-1
| Design State     : routed
| Grade            : commercial
| Process          : typical
| Characterization : Production
-------------------------------------------------------------------------------------------------------------------------------------------------

Power Report

Table of Contents
-----------------
1. Summary
1.1 On-Chip Components
1.2 Power Supply Summary
1.3 Confidence Level
2. Settings
2.1 Environment
2.2 Clock Constraints
3. Detailed Reports
3.1 By Hierarchy

1. Summary
----------

+--------------------------+--------------+
| Total On-Chip Power (W)  | 0.693        |
| Design Power Budget (W)  | Unspecified* |
| Power Budget Margin (W)  | NA           |
| Dynamic (W)              | 0.616        |
| Device Static (W)        | 0.077        |
| Effective TJA (C/W)      | 4.9          |
| Max Ambient (C)          | 81.6         |
| Junction Temperature (C) | 28.4         |
| Confidence Level         | Low          |
| Setting File             | ---          |
| Simulation Activity File | ---          |
| Design Nets Matched      | NA           |
+--------------------------+--------------+
* Specify Design Power Budget using, set_operating_conditions -design_power_budget <value in Watts>


1.1 On-Chip Components
----------------------

+-------------------------+-----------+----------+-----------+-----------------+
| On-Chip                 | Power (W) | Used     | Available | Utilization (%) |
+-------------------------+-----------+----------+-----------+-----------------+
| Clocks                  |     0.030 |       10 |       --- |             --- |
| Slice Logic             |     0.041 |    24471 |       --- |             --- |
|   LUT as Logic          |     0.037 |     8784 |     32600 |           26.94 |
|   CARRY4                |     0.002 |      844 |      8150 |           10.36 |
|   Register              |     0.001 |    10545 |     65200 |           16.17 |
|   F7/F8 Muxes           |    <0.001 |     1961 |     32600 |            6.02 |
|   LUT as Shift Register |    <0.001 |       58 |      9600 |            0.60 |
|   BUFG                  |    <0.001 |        1 |        32 |            3.13 |
|   Others                |     0.000 |      353 |       --- |             --- |
| Signals                 |     0.076 |    18774 |       --- |             --- |
| Block RAM               |     0.106 |     74.5 |        75 |           99.33 |
| MMCM                    |     0.105 |        1 |         5 |           20.00 |
| PLL                     |     0.101 |        1 |         5 |           20.00 |
| DSPs                    |     0.011 |       44 |       120 |           36.67 |
| I/O                     |     0.146 |       86 |       210 |           40.95 |
| Static Power            |     0.077 |          |           |                 |
| Total                   |     0.693 |          |           |                 |
+-------------------------+-----------+----------+-----------+-----------------+


1.2 Power Supply Summary
------------------------

+-----------+-------------+-----------+-------------+------------+-------------+-------------+------------+
| Source    | Voltage (V) | Total (A) | Dynamic (A) | Static (A) | Powerup (A) | Budget (A)  | Margin (A) |
+-----------+-------------+-----------+-------------+------------+-------------+-------------+------------+
| Vccint    |       1.000 |     0.277 |       0.264 |      0.013 |       NA    | Unspecified | NA         |
| Vccaux    |       1.800 |     0.124 |       0.112 |      0.013 |       NA    | Unspecified | NA         |
| Vcco33    |       3.300 |     0.044 |       0.043 |      0.001 |       NA    | Unspecified | NA         |
| Vcco25    |       2.500 |     0.000 |       0.000 |      0.000 |       NA    | Unspecified | NA         |
| Vcco18    |       1.800 |     0.000 |       0.000 |      0.000 |       NA    | Unspecified | NA         |
| Vcco15    |       1.500 |     0.000 |       0.000 |      0.000 |       NA    | Unspecified | NA         |
| Vcco135   |       1.350 |     0.000 |       0.000 |      0.000 |       NA    | Unspecified | NA         |
| Vcco12    |       1.200 |     0.000 |       0.000 |      0.000 |       NA    | Unspecified | NA         |
| Vccaux_io |       1.800 |     0.000 |       0.000 |      0.000 |       NA    | Unspecified | NA         |
| Vccbram   |       1.000 |     0.011 |       0.009 |      0.002 |       NA    | Unspecified | NA         |
| Vccadc    |       1.800 |     0.020 |       0.000 |      0.020 |       NA    | Unspecified | NA         |
+-----------+-------------+-----------+-------------+------------+-------------+-------------+------------+


1.3 Confidence Level
--------------------

+-----------------------------+------------+--------------------------------------------------------+------------------------------------------------------------------------------------------------------------+
| User Input Data             | Confidence | Details                                                | Action                                                                                                     |
+-----------------------------+------------+--------------------------------------------------------+------------------------------------------------------------------------------------------------------------+
| Design implementation state | High       | Design is routed                                       |                                                                                                            |
| Clock nodes activity        | High       | User specified more than 95% of clocks                 |                                                                                                            |
| I/O nodes activity          | Low        | More than 75% of inputs are missing user specification | Provide missing input activity with simulation results or by editing the "By Resource Type -> I/Os" view   |
| Internal nodes activity     | Medium     | User specified less than 25% of internal nodes         | Provide missing internal nodes activity with simulation results or by editing the "By Resource Type" views |
| Device models               | High       | Device models are Production                           |                                                                                                            |
|                             |            |                                                        |                                                                                                            |
| Overall confidence level    | Low        |                                                        |                                                                                                            |
+-----------------------------+------------+--------------------------------------------------------+------------------------------------------------------------------------------------------------------------+


2. Settings
-----------

2.1 Environment
---------------

+-----------------------+--------------------------+
| Ambient Temp (C)      | 25.0                     |
| ThetaJA (C/W)         | 4.9                      |
| Airflow (LFM)         | 250                      |
| Heat Sink             | medium (Medium Profile)  |
| ThetaSA (C/W)         | 4.6                      |
| Board Selection       | medium (10"x10")         |
| # of Board Layers     | 12to15 (12 to 15 Layers) |
| Board Temperature (C) | 25.0                     |
+-----------------------+--------------------------+


2.2 Clock Constraints
---------------------

+--------------------+----------------------------------+-----------------+
| Clock              | Domain                           | Constraint (ns) |
+--------------------+----------------------------------+-----------------+
| clk_100_cw_fast    | wizard_migcam/clk_100_cw_fast    |            10.0 |
| clk_camera_cw_fast | wizard_migcam/clk_camera_cw_fast |             5.0 |
| clk_pixel_cw_hdmi  | wizard_hdmi/clk_pixel_cw_hdmi    |            13.5 |
| clk_tmds_cw_hdmi   | wizard_hdmi/clk_tmds_cw_hdmi     |             2.7 |
| clk_xc_cw_fast     | wizard_migcam/clk_xc_cw_fast     |            40.0 |
| clkfbout_cw_fast   | wizard_migcam/clkfbout_cw_fast   |            10.0 |
| clkfbout_cw_hdmi   | wizard_hdmi/clkfbout_cw_hdmi     |            50.0 |
| gclk               | clk_100mhz                       |            10.0 |
+--------------------+----------------------------------+-----------------+


3. Detailed Reports
-------------------

3.1 By Hierarchy
----------------

+----------------------------------+-----------+
| Name                             | Power (W) |
+----------------------------------+-----------+
| top_level                        |     0.616 |
|   IOBUF_sda                      |     0.003 |
|   cdc_fifo                       |     0.004 |
|     U0                           |     0.004 |
|       inst_fifo_gen              |     0.004 |
|   classifier                     |     0.004 |
|     pixel_BROM                   |     0.003 |
|   crw                            |     0.003 |
|     sccb_c                       |     0.002 |
|   ds_lbuff                       |     0.006 |
|     genblk1[0].line_buffer_ram   |     0.003 |
|   filtern                        |     0.014 |
|     m_lbuff                      |     0.010 |
|       genblk1[0].line_buffer_ram |     0.002 |
|       genblk1[1].line_buffer_ram |     0.002 |
|       genblk1[2].line_buffer_ram |     0.002 |
|       genblk1[3].line_buffer_ram |     0.002 |
|     mconv                        |     0.004 |
|   frame_buffer                   |     0.012 |
|     U0                           |     0.012 |
|       inst_blk_mem_gen           |     0.012 |
|   genblk1[0].filterm             |     0.004 |
|     m_lbuff                      |     0.004 |
|       genblk1[0].line_buffer_ram |     0.001 |
|   genblk1[1].filterm             |     0.008 |
|     m_lbuff                      |     0.004 |
|       genblk1[0].line_buffer_ram |     0.001 |
|       genblk1[1].line_buffer_ram |     0.001 |
|     mconv                        |     0.004 |
|   genblk1[2].filterm             |     0.010 |
|     m_lbuff                      |     0.004 |
|       genblk1[0].line_buffer_ram |     0.001 |
|       genblk1[3].line_buffer_ram |     0.001 |
|     mconv                        |     0.005 |
|   genblk1[3].filterm             |     0.011 |
|     m_lbuff                      |     0.004 |
|       genblk1[0].line_buffer_ram |     0.001 |
|     mconv                        |     0.007 |
|   genblk1[4].filterm             |     0.010 |
|     m_lbuff                      |     0.004 |
|     mconv                        |     0.006 |
|   genblk1[5].filterm             |     0.010 |
|     m_lbuff                      |     0.004 |
|     mconv                        |     0.006 |
|   mnt_ccl_1                      |     0.014 |
|   moore_fb_00                    |     0.006 |
|   moore_fb_01                    |     0.006 |
|   moore_fb_02                    |     0.006 |
|   moore_fb_03                    |     0.003 |
|   my_ccl                         |     0.096 |
|     fb1_labels                   |     0.029 |
|     fb1_mask                     |     0.003 |
|   rgbtoycrcb_m                   |     0.010 |
|   sprite_number_1                |     0.001 |
|     pixel_BROM                   |     0.001 |
|   sprite_number_11               |     0.002 |
|     pixel_BROM                   |     0.002 |
|   sprite_number_3                |     0.001 |
|     pixel_BROM                   |     0.001 |
|   sprite_number_5                |     0.002 |
|     pixel_BROM                   |     0.002 |
|   sprite_number_7                |     0.001 |
|     pixel_BROM                   |     0.001 |
|   sprite_number_9                |     0.002 |
|     pixel_BROM                   |     0.002 |
|   vsg                            |     0.003 |
|   wizard_hdmi                    |     0.105 |
|   wizard_migcam                  |     0.102 |
+----------------------------------+-----------+


