Copyright 1986-2022 Xilinx, Inc. All Rights Reserved. Copyright 2022-2024 Advanced Micro Devices, Inc. All Rights Reserved.
---------------------------------------------------------------------------------------------------------------------------------------------
| Tool Version : Vivado v.2024.1 (win64) Build 5076996 Wed May 22 18:37:14 MDT 2024
| Date         : Wed Nov 13 00:11:55 2024
| Host         : NickAsusRogSrix running 64-bit major release  (build 9200)
| Command      : report_timing -file obj/post_route_timing.rpt
| Design       : top_level
| Device       : 7s50-csga324
| Speed File   : -1  PRODUCTION 1.23 2018-06-13
| Design State : Routed
---------------------------------------------------------------------------------------------------------------------------------------------

Timing Report

Slack (MET) :             0.604ns  (required time - arrival time)
  Source:                 crw/sccb_c/bit_count_reg_reg[0]/C
                            (rising edge-triggered cell FDRE clocked by clk_camera_cw_fast  {rise@0.000ns fall@2.500ns period=5.000ns})
  Destination:            crw/sccb_c/delay_reg_reg[4]/CE
                            (rising edge-triggered cell FDRE clocked by clk_camera_cw_fast  {rise@0.000ns fall@2.500ns period=5.000ns})
  Path Group:             clk_camera_cw_fast
  Path Type:              Setup (Max at Slow Process Corner)
  Requirement:            5.000ns  (clk_camera_cw_fast rise@5.000ns - clk_camera_cw_fast rise@0.000ns)
  Data Path Delay:        4.086ns  (logic 0.952ns (23.299%)  route 3.134ns (76.701%))
  Logic Levels:           4  (LUT2=1 LUT4=1 LUT6=2)
  Clock Path Skew:        -0.038ns (DCD - SCD + CPR)
    Destination Clock Delay (DCD):    -2.028ns = ( 2.972 - 5.000 ) 
    Source Clock Delay      (SCD):    -2.418ns
    Clock Pessimism Removal (CPR):    -0.428ns
  Clock Uncertainty:      0.067ns  ((TSJ^2 + DJ^2)^1/2) / 2 + PE
    Total System Jitter     (TSJ):    0.071ns
    Discrete Jitter          (DJ):    0.113ns
    Phase Error              (PE):    0.000ns

    Location             Delay type                Incr(ns)  Path(ns)    Netlist Resource(s)
  -------------------------------------------------------------------    -------------------
                         (clock clk_camera_cw_fast rise edge)
                                                      0.000     0.000 r  
    N15                                               0.000     0.000 r  clk_100mhz (IN)
                         net (fo=0)                   0.000     0.000    wizard_migcam/clk_100mhz
    N15                  IBUF (Prop_ibuf_I_O)         1.440     1.440 r  wizard_migcam/clkin1_ibufg/O
                         net (fo=1, routed)           1.253     2.693    wizard_migcam/clk_in1_cw_fast
    PLLE2_ADV_X0Y0       PLLE2_ADV (Prop_plle2_adv_CLKIN1_CLKOUT2)
                                                     -8.486    -5.792 r  wizard_migcam/plle2_adv_inst/CLKOUT2
                         net (fo=1, routed)           1.660    -4.132    wizard_migcam/clk_camera_cw_fast
    BUFGCTRL_X0Y3        BUFG (Prop_bufg_I_O)         0.096    -4.036 r  wizard_migcam/clkout3_buf/O
                         net (fo=226, routed)         1.618    -2.418    crw/sccb_c/clk_camera
    SLICE_X5Y85          FDRE                                         r  crw/sccb_c/bit_count_reg_reg[0]/C
  -------------------------------------------------------------------    -------------------
    SLICE_X5Y85          FDRE (Prop_fdre_C_Q)         0.456    -1.962 f  crw/sccb_c/bit_count_reg_reg[0]/Q
                         net (fo=14, routed)          1.145    -0.817    crw/sccb_c/bit_count_reg_reg_n_2_[0]
    SLICE_X5Y85          LUT4 (Prop_lut4_I0_O)        0.124    -0.693 r  crw/sccb_c/FSM_sequential_phy_state_reg[3]_i_10/O
                         net (fo=5, routed)           0.433    -0.260    crw/sccb_c/FSM_sequential_phy_state_reg[3]_i_10_n_2
    SLICE_X5Y85          LUT6 (Prop_lut6_I4_O)        0.124    -0.136 r  crw/sccb_c/FSM_sequential_phy_state_reg[3]_i_4/O
                         net (fo=3, routed)           0.468     0.332    crw/sccb_c/FSM_sequential_phy_state_reg[3]_i_4_n_2
    SLICE_X3Y85          LUT2 (Prop_lut2_I0_O)        0.124     0.456 r  crw/sccb_c/sda_o_reg_i_3/O
                         net (fo=2, routed)           0.439     0.895    crw/sccb_c/sda_o_reg_i_3_n_2
    SLICE_X2Y86          LUT6 (Prop_lut6_I2_O)        0.124     1.019 r  crw/sccb_c/delay_reg[16]_i_1/O
                         net (fo=17, routed)          0.649     1.668    crw/sccb_c/delay_reg[16]_i_1_n_2
    SLICE_X3Y83          FDRE                                         r  crw/sccb_c/delay_reg_reg[4]/CE
  -------------------------------------------------------------------    -------------------

                         (clock clk_camera_cw_fast rise edge)
                                                      5.000     5.000 r  
    N15                                               0.000     5.000 r  clk_100mhz (IN)
                         net (fo=0)                   0.000     5.000    wizard_migcam/clk_100mhz
    N15                  IBUF (Prop_ibuf_I_O)         1.370     6.370 r  wizard_migcam/clkin1_ibufg/O
                         net (fo=1, routed)           1.181     7.551    wizard_migcam/clk_in1_cw_fast
    PLLE2_ADV_X0Y0       PLLE2_ADV (Prop_plle2_adv_CLKIN1_CLKOUT2)
                                                     -7.753    -0.202 r  wizard_migcam/plle2_adv_inst/CLKOUT2
                         net (fo=1, routed)           1.582     1.380    wizard_migcam/clk_camera_cw_fast
    BUFGCTRL_X0Y3        BUFG (Prop_bufg_I_O)         0.091     1.471 r  wizard_migcam/clkout3_buf/O
                         net (fo=226, routed)         1.502     2.972    crw/sccb_c/clk_camera
    SLICE_X3Y83          FDRE                                         r  crw/sccb_c/delay_reg_reg[4]/C
                         clock pessimism             -0.428     2.544    
                         clock uncertainty           -0.067     2.477    
    SLICE_X3Y83          FDRE (Setup_fdre_C_CE)      -0.205     2.272    crw/sccb_c/delay_reg_reg[4]
  -------------------------------------------------------------------
                         required time                          2.272    
                         arrival time                          -1.668    
  -------------------------------------------------------------------
                         slack                                  0.604    




