Copyright 1986-2022 Xilinx, Inc. All Rights Reserved. Copyright 2022-2024 Advanced Micro Devices, Inc. All Rights Reserved.
---------------------------------------------------------------------------------------------------------------------------------------------
| Tool Version : Vivado v.2024.1 (lin64) Build 5076996 Wed May 22 18:36:09 MDT 2024
| Date         : Thu Oct 24 18:52:02 2024
| Host         : eecs-digital-04 running 64-bit Ubuntu 24.04.1 LTS
| Command      : report_timing -file obj/post_synth_timing.rpt
| Design       : top_level
| Device       : 7s50-csga324
| Speed File   : -1  PRODUCTION 1.23 2018-06-13
| Design State : Synthesized
---------------------------------------------------------------------------------------------------------------------------------------------

Timing Report

Slack (VIOLATED) :        -0.886ns  (required time - arrival time)
  Source:                 filtern/mconv/green_products_reg[2][2][1]/C
                            (rising edge-triggered cell FDRE clocked by clk_pixel_cw_hdmi  {rise@0.000ns fall@6.734ns period=13.468ns})
  Destination:            filtern/mconv/green_sum_reg[31]/D
                            (rising edge-triggered cell FDRE clocked by clk_pixel_cw_hdmi  {rise@0.000ns fall@6.734ns period=13.468ns})
  Path Group:             clk_pixel_cw_hdmi
  Path Type:              Setup (Max at Slow Process Corner)
  Requirement:            13.468ns  (clk_pixel_cw_hdmi rise@13.468ns - clk_pixel_cw_hdmi rise@0.000ns)
  Data Path Delay:        14.061ns  (logic 8.386ns (59.640%)  route 5.675ns (40.360%))
  Logic Levels:           18  (CARRY4=15 LUT1=1 LUT2=2)
  Clock Path Skew:        -0.145ns (DCD - SCD + CPR)
    Destination Clock Delay (DCD):    -2.578ns = ( 10.890 - 13.468 ) 
    Source Clock Delay      (SCD):    -2.892ns
    Clock Pessimism Removal (CPR):    -0.459ns
  Clock Uncertainty:      0.210ns  ((TSJ^2 + DJ^2)^1/2) / 2 + PE
    Total System Jitter     (TSJ):    0.071ns
    Discrete Jitter          (DJ):    0.414ns
    Phase Error              (PE):    0.000ns

    Location             Delay type                Incr(ns)  Path(ns)    Netlist Resource(s)
  -------------------------------------------------------------------    -------------------
                         (clock clk_pixel_cw_hdmi rise edge)
                                                      0.000     0.000 r  
    N15                                               0.000     0.000 r  clk_100mhz (IN)
                         net (fo=0)                   0.000     0.000    wizard_migcam/clk_100mhz
    N15                  IBUF (Prop_ibuf_I_O)         1.440     1.440 r  wizard_migcam/clkin1_ibufg/O
                         net (fo=1, unplaced)         0.584     2.024    wizard_migcam/clk_in1_cw_fast
                         PLLE2_ADV (Prop_plle2_adv_CLKIN1_CLKOUT0)
                                                     -6.612    -4.587 r  wizard_migcam/plle2_adv_inst/CLKOUT0
                         net (fo=1, unplaced)         0.800    -3.788    wizard_migcam/clk_100_cw_fast
                         BUFG (Prop_bufg_I_O)         0.096    -3.692 r  wizard_migcam/clkout1_buf/O
                         net (fo=1, unplaced)         0.584    -3.108    wizard_hdmi/clk_100
                         MMCME2_ADV (Prop_mmcme2_adv_CLKIN1_CLKOUT0)
                                                     -1.480    -4.587 r  wizard_hdmi/mmcm_adv_inst/CLKOUT0
                         net (fo=1, unplaced)         0.800    -3.788    wizard_hdmi/clk_pixel_cw_hdmi
                         BUFG (Prop_bufg_I_O)         0.096    -3.692 r  wizard_hdmi/clkout1_buf/O
                         net (fo=3157, unplaced)      0.800    -2.892    filtern/mconv/clk_pixel
                         FDRE                                         r  filtern/mconv/green_products_reg[2][2][1]/C
  -------------------------------------------------------------------    -------------------
                         FDRE (Prop_fdre_C_Q)         0.456    -2.436 r  filtern/mconv/green_products_reg[2][2][1]/Q
                         net (fo=2, unplaced)         0.481    -1.955    filtern/mconv/green_products_reg_n_0_[2][2][1]
                         LUT2 (Prop_lut2_I0_O)        0.295    -1.660 r  filtern/mconv/green_sum1_carry_i_3__0/O
                         net (fo=1, unplaced)         0.000    -1.660    filtern/mconv/green_sum1_carry_i_3__0_n_0
                         CARRY4 (Prop_carry4_S[1]_O[3])
                                                      0.640    -1.020 r  filtern/mconv/green_sum1_carry/O[3]
                         net (fo=1, unplaced)         0.618    -0.402    filtern/mconv/green_sum1_carry_n_4
                         LUT2 (Prop_lut2_I1_O)        0.307    -0.095 r  filtern/mconv/green_sum1__17_carry_i_2__0/O
                         net (fo=1, unplaced)         0.000    -0.095    filtern/mconv/green_sum1__17_carry_i_2__0_n_0
                         CARRY4 (Prop_carry4_S[2]_CO[3])
                                                      0.398     0.303 r  filtern/mconv/green_sum1__17_carry/CO[3]
                         net (fo=1, unplaced)         0.009     0.312    filtern/mconv/green_sum1__17_carry_n_0
                         CARRY4 (Prop_carry4_CI_CO[2])
                                                      0.250     0.562 r  filtern/mconv/green_sum1__17_carry__0/CO[2]
                         net (fo=1, unplaced)         0.813     1.375    filtern/mconv/green_sum1__17_carry__0_n_1
                         CARRY4 (Prop_carry4_S[3]_CO[3])
                                                      0.712     2.087 r  filtern/mconv/green_sum1__35_carry__0/CO[3]
                         net (fo=1, unplaced)         0.000     2.087    filtern/mconv/green_sum1__35_carry__0_n_0
                         CARRY4 (Prop_carry4_CI_CO[0])
                                                      0.293     2.380 r  filtern/mconv/green_sum1__57_carry__0_i_1__0/CO[0]
                         net (fo=1, unplaced)         0.983     3.363    filtern/mconv/green_sum1__57_carry__0_i_1__0_n_3
                         CARRY4 (Prop_carry4_S[3]_CO[3])
                                                      0.769     4.132 r  filtern/mconv/green_sum1__57_carry__0/CO[3]
                         net (fo=1, unplaced)         0.000     4.132    filtern/mconv/green_sum1__57_carry__0_n_0
                         CARRY4 (Prop_carry4_CI_CO[0])
                                                      0.293     4.425 r  filtern/mconv/green_sum1__79_carry__0_i_5__0/CO[0]
                         net (fo=1, unplaced)         0.311     4.736    filtern/mconv/green_sum1__79_carry__0_i_5__0_n_3
                         LUT1 (Prop_lut1_I0_O)        0.367     5.103 r  filtern/mconv/green_sum1__79_carry__0_i_1__0/O
                         net (fo=1, unplaced)         0.000     5.103    filtern/mconv/green_sum1__79_carry__0_i_1__0_n_0
                         CARRY4 (Prop_carry4_S[3]_CO[3])
                                                      0.401     5.504 r  filtern/mconv/green_sum1__79_carry__0/CO[3]
                         net (fo=1, unplaced)         0.000     5.504    filtern/mconv/green_sum1__79_carry__0_n_0
                         CARRY4 (Prop_carry4_CI_O[0])
                                                      0.235     5.739 r  filtern/mconv/green_sum1__79_carry__1/O[0]
                         net (fo=1, unplaced)         0.664     6.403    filtern/mconv/green_sum1__79_carry__1_n_7
                         CARRY4 (Prop_carry4_S[1]_O[2])
                                                      0.873     7.276 r  filtern/mconv/green_sum1__113_carry__1/O[2]
                         net (fo=1, unplaced)         0.813     8.089    filtern/mconv/green_sum1__113_carry__1_n_5
                         CARRY4 (Prop_carry4_S[3]_CO[3])
                                                      0.703     8.792 r  filtern/mconv/green_sum1__150_carry__1/CO[3]
                         net (fo=1, unplaced)         0.000     8.792    filtern/mconv/green_sum1__150_carry__1_n_0
                         CARRY4 (Prop_carry4_CI_O[0])
                                                      0.235     9.027 r  filtern/mconv/green_sum1__150_carry__2/O[0]
                         net (fo=1, unplaced)         0.983    10.010    filtern/mconv/C__0[12]
                         CARRY4 (Prop_carry4_S[3]_CO[3])
                                                      0.697    10.707 r  filtern/mconv/green_sum1__192_carry__1/CO[3]
                         net (fo=1, unplaced)         0.000    10.707    filtern/mconv/green_sum1__192_carry__1_n_0
                         CARRY4 (Prop_carry4_CI_CO[3])
                                                      0.114    10.821 r  filtern/mconv/green_sum1__192_carry__2/CO[3]
                         net (fo=1, unplaced)         0.000    10.821    filtern/mconv/green_sum1__192_carry__2_n_0
                         CARRY4 (Prop_carry4_CI_O[1])
                                                      0.348    11.169 r  filtern/mconv/green_sum1__192_carry__3/O[1]
                         net (fo=1, unplaced)         0.000    11.169    filtern/mconv/green_sum1[31]
                         FDRE                                         r  filtern/mconv/green_sum_reg[31]/D
  -------------------------------------------------------------------    -------------------

                         (clock clk_pixel_cw_hdmi rise edge)
                                                     13.468    13.468 r  
    N15                                               0.000    13.468 r  clk_100mhz (IN)
                         net (fo=0)                   0.000    13.468    wizard_migcam/clk_100mhz
    N15                  IBUF (Prop_ibuf_I_O)         1.370    14.838 r  wizard_migcam/clkin1_ibufg/O
                         net (fo=1, unplaced)         0.439    15.277    wizard_migcam/clk_in1_cw_fast
                         PLLE2_ADV (Prop_plle2_adv_CLKIN1_CLKOUT0)
                                                     -5.893     9.384 r  wizard_migcam/plle2_adv_inst/CLKOUT0
                         net (fo=1, unplaced)         0.760    10.144    wizard_migcam/clk_100_cw_fast
                         BUFG (Prop_bufg_I_O)         0.091    10.235 r  wizard_migcam/clkout1_buf/O
                         net (fo=1, unplaced)         0.439    10.674    wizard_hdmi/clk_100
                         MMCME2_ADV (Prop_mmcme2_adv_CLKIN1_CLKOUT0)
                                                     -1.290     9.384 r  wizard_hdmi/mmcm_adv_inst/CLKOUT0
                         net (fo=1, unplaced)         0.760    10.144    wizard_hdmi/clk_pixel_cw_hdmi
                         BUFG (Prop_bufg_I_O)         0.091    10.235 r  wizard_hdmi/clkout1_buf/O
                         net (fo=3157, unplaced)      0.655    10.890    filtern/mconv/clk_pixel
                         FDRE                                         r  filtern/mconv/green_sum_reg[31]/C
                         clock pessimism             -0.459    10.431    
                         clock uncertainty           -0.210    10.221    
                         FDRE (Setup_fdre_C_D)        0.062    10.283    filtern/mconv/green_sum_reg[31]
  -------------------------------------------------------------------
                         required time                         10.283    
                         arrival time                         -11.169    
  -------------------------------------------------------------------
                         slack                                 -0.886    




