#-----------------------------------------------------------
# Vivado v2024.1 (64-bit)
# SW Build 5076996 on Wed May 22 18:36:09 MDT 2024
# IP Build 5075265 on Wed May 22 21:45:21 MDT 2024
# SharedData Build 5076995 on Wed May 22 18:29:18 MDT 2024
# Start of session at: Mon Nov 25 18:08:24 2024
# Process ID: 902738
# Current directory: /home/fpga/worker_place/temp/f357c2eeb31342deab208ddd84ee8bf1
# Command line: vivado -mode batch -source build.tcl
# Log file: /home/fpga/worker_place/temp/f357c2eeb31342deab208ddd84ee8bf1/vivado.log
# Journal file: /home/fpga/worker_place/temp/f357c2eeb31342deab208ddd84ee8bf1/vivado.jou
# Running On        :eecs-digital-21
# Platform          :Ubuntu
# Operating System  :Ubuntu 24.04.1 LTS
# Processor Detail  :13th Gen Intel(R) Core(TM) i7-13700
# CPU Frequency     :800.000 MHz
# CPU Physical cores:16
# CPU Logical cores :24
# Host memory       :33324 MB
# Swap memory       :8589 MB
# Total Virtual     :41914 MB
# Available Virtual :40434 MB
#-----------------------------------------------------------
source build.tcl
# set_param general.maxThreads 4
# set partNum xc7s50csga324-1
# set outputDir obj
# file mkdir $outputDir
# set files [glob -nocomplain "$outputDir/*"]
# if {[llength $files] != 0} {
#     # clear folder contents
#     puts "deleting contents of $outputDir"
#     file delete -force {*}[glob -directory $outputDir *];
# } else {
#     puts "$outputDir is empty"
# }
obj is empty
# set sources_sv [ glob ./hdl/*.sv ]
# read_verilog -sv $sources_sv
# set sources_v [ glob -nocomplain ./hdl/*.v ]
# if {[llength $sources_v] > 0 } {
#     read_verilog $sources_v
# }
# read_xdc [ glob ./xdc/*.xdc ]
# set sources_mem [ glob -nocomplain ./data/*.mem ]
# if {[llength $sources_mem] > 0} {
#     read_mem $sources_mem
# }
# set_part $partNum
INFO: [Coretcl 2-1500] The part has been set to 'xc7s50csga324-1' for the current project only. Run set_part -help for more details. To evaluate different speed grades in the current design, use the set_speed_grade command, or use the open_checkpoint -part command to change the part used by an existing checkpoint design.
# set sources_ip [ glob -nocomplain -directory ./ip -tails * ]
# puts $sources_ip
blk_mem_gen_0
# foreach ip_source $sources_ip {
#     if {[file isdirectory ./ip/$ip_source]} {
# 	read_ip ./ip/$ip_source/$ip_source.xci
#     }
# }
INFO: [IP_Flow 19-234] Refreshing IP repositories
INFO: [IP_Flow 19-1704] No user IP repositories specified
INFO: [IP_Flow 19-2313] Loaded Vivado IP repository '/tools/Xilinx/Vivado/2024.1/data/ip'.
WARNING: [Vivado 12-13650] The IP file '/home/fpga/worker_place/temp/f357c2eeb31342deab208ddd84ee8bf1/ip/blk_mem_gen_0/blk_mem_gen_0.xci' has been moved from its original location, as a result the outputs for this IP will now be generated in '/home/fpga/worker_place/temp/f357c2eeb31342deab208ddd84ee8bf1/ip/blk_mem_gen_0/ip/blk_mem_gen_0'. Alternatively a copy of the IP can be imported into the project using one of the 'import_ip' or 'import_files' commands.
# generate_target all [get_ips]
INFO: [IP_Flow 19-1686] Generating 'Instantiation Template' target for IP 'blk_mem_gen_0'...
INFO: [IP_Flow 19-1686] Generating 'Synthesis' target for IP 'blk_mem_gen_0'...
INFO: [IP_Flow 19-1686] Generating 'Simulation' target for IP 'blk_mem_gen_0'...
INFO: [IP_Flow 19-1686] Generating 'Miscellaneous' target for IP 'blk_mem_gen_0'...
INFO: [IP_Flow 19-1686] Generating 'Change Log' target for IP 'blk_mem_gen_0'...
# synth_ip [get_ips]
INFO: [IP_Flow 19-234] Refreshing IP repositories
INFO: [IP_Flow 19-1704] No user IP repositories specified
INFO: [IP_Flow 19-2313] Loaded Vivado IP repository '/tools/Xilinx/Vivado/2024.1/data/ip'.
WARNING: [Vivado 12-13650] The IP file '/home/fpga/worker_place/temp/f357c2eeb31342deab208ddd84ee8bf1/ip/blk_mem_gen_0/blk_mem_gen_0.xci' has been moved from its original location, as a result the outputs for this IP will now be generated in '/home/fpga/worker_place/temp/f357c2eeb31342deab208ddd84ee8bf1/ip/blk_mem_gen_0/ip/blk_mem_gen_0'. Alternatively a copy of the IP can be imported into the project using one of the 'import_ip' or 'import_files' commands.
Command: synth_design -top blk_mem_gen_0 -part xc7s50csga324-1 -mode out_of_context
Starting synth_design
Attempting to get a license for feature 'Synthesis' and/or device 'xc7s50'
INFO: [Common 17-349] Got license for feature 'Synthesis' and/or device 'xc7s50'
INFO: [Device 21-403] Loading part xc7s50csga324-1
INFO: [Device 21-9227] Part: xc7s50csga324-1 does not have CEAM library.
INFO: [Synth 8-7079] Multithreading enabled for synth_design using a maximum of 4 processes.
INFO: [Synth 8-7078] Launching helper process for spawning children vivado processes
INFO: [Synth 8-7075] Helper process launched with PID 902758
---------------------------------------------------------------------------------
Starting RTL Elaboration : Time (s): cpu = 00:00:03 ; elapsed = 00:00:03 . Memory (MB): peak = 2244.109 ; gain = 410.660 ; free physical = 17090 ; free virtual = 37104
---------------------------------------------------------------------------------
INFO: [Synth 8-638] synthesizing module 'blk_mem_gen_0' [/home/fpga/worker_place/temp/f357c2eeb31342deab208ddd84ee8bf1/ip/blk_mem_gen_0/ip/blk_mem_gen_0/synth/blk_mem_gen_0.vhd:76]
	Parameter C_FAMILY bound to: spartan7 - type: string 
	Parameter C_XDEVICEFAMILY bound to: spartan7 - type: string 
	Parameter C_ELABORATION_DIR bound to: ./ - type: string 
	Parameter C_INTERFACE_TYPE bound to: 0 - type: integer 
	Parameter C_AXI_TYPE bound to: 1 - type: integer 
	Parameter C_AXI_SLAVE_TYPE bound to: 0 - type: integer 
	Parameter C_USE_BRAM_BLOCK bound to: 0 - type: integer 
	Parameter C_ENABLE_32BIT_ADDRESS bound to: 0 - type: integer 
	Parameter C_CTRL_ECC_ALGO bound to: NONE - type: string 
	Parameter C_HAS_AXI_ID bound to: 0 - type: integer 
	Parameter C_AXI_ID_WIDTH bound to: 4 - type: integer 
	Parameter C_MEM_TYPE bound to: 2 - type: integer 
	Parameter C_BYTE_SIZE bound to: 9 - type: integer 
	Parameter C_ALGORITHM bound to: 1 - type: integer 
	Parameter C_PRIM_TYPE bound to: 1 - type: integer 
	Parameter C_LOAD_INIT_FILE bound to: 0 - type: integer 
	Parameter C_INIT_FILE_NAME bound to: no_coe_file_loaded - type: string 
	Parameter C_INIT_FILE bound to: blk_mem_gen_0.mem - type: string 
	Parameter C_USE_DEFAULT_DATA bound to: 0 - type: integer 
	Parameter C_DEFAULT_DATA bound to: 0 - type: string 
	Parameter C_HAS_RSTA bound to: 0 - type: integer 
	Parameter C_RST_PRIORITY_A bound to: CE - type: string 
	Parameter C_RSTRAM_A bound to: 0 - type: integer 
	Parameter C_INITA_VAL bound to: 0 - type: string 
	Parameter C_HAS_ENA bound to: 1 - type: integer 
	Parameter C_HAS_REGCEA bound to: 0 - type: integer 
	Parameter C_USE_BYTE_WEA bound to: 0 - type: integer 
	Parameter C_WEA_WIDTH bound to: 1 - type: integer 
	Parameter C_WRITE_MODE_A bound to: WRITE_FIRST - type: string 
	Parameter C_WRITE_WIDTH_A bound to: 16 - type: integer 
	Parameter C_READ_WIDTH_A bound to: 16 - type: integer 
	Parameter C_WRITE_DEPTH_A bound to: 57600 - type: integer 
	Parameter C_READ_DEPTH_A bound to: 57600 - type: integer 
	Parameter C_ADDRA_WIDTH bound to: 16 - type: integer 
	Parameter C_HAS_RSTB bound to: 0 - type: integer 
	Parameter C_RST_PRIORITY_B bound to: CE - type: string 
	Parameter C_RSTRAM_B bound to: 0 - type: integer 
	Parameter C_INITB_VAL bound to: 0 - type: string 
	Parameter C_HAS_ENB bound to: 1 - type: integer 
	Parameter C_HAS_REGCEB bound to: 0 - type: integer 
	Parameter C_USE_BYTE_WEB bound to: 0 - type: integer 
	Parameter C_WEB_WIDTH bound to: 1 - type: integer 
	Parameter C_WRITE_MODE_B bound to: WRITE_FIRST - type: string 
	Parameter C_WRITE_WIDTH_B bound to: 16 - type: integer 
	Parameter C_READ_WIDTH_B bound to: 16 - type: integer 
	Parameter C_WRITE_DEPTH_B bound to: 57600 - type: integer 
	Parameter C_READ_DEPTH_B bound to: 57600 - type: integer 
	Parameter C_ADDRB_WIDTH bound to: 16 - type: integer 
	Parameter C_HAS_MEM_OUTPUT_REGS_A bound to: 1 - type: integer 
	Parameter C_HAS_MEM_OUTPUT_REGS_B bound to: 1 - type: integer 
	Parameter C_HAS_MUX_OUTPUT_REGS_A bound to: 0 - type: integer 
	Parameter C_HAS_MUX_OUTPUT_REGS_B bound to: 0 - type: integer 
	Parameter C_MUX_PIPELINE_STAGES bound to: 0 - type: integer 
	Parameter C_HAS_SOFTECC_INPUT_REGS_A bound to: 0 - type: integer 
	Parameter C_HAS_SOFTECC_OUTPUT_REGS_B bound to: 0 - type: integer 
	Parameter C_USE_SOFTECC bound to: 0 - type: integer 
	Parameter C_USE_ECC bound to: 0 - type: integer 
	Parameter C_EN_ECC_PIPE bound to: 0 - type: integer 
	Parameter C_READ_LATENCY_A bound to: 1 - type: integer 
	Parameter C_READ_LATENCY_B bound to: 1 - type: integer 
	Parameter C_HAS_INJECTERR bound to: 0 - type: integer 
	Parameter C_SIM_COLLISION_CHECK bound to: ALL - type: string 
	Parameter C_COMMON_CLK bound to: 0 - type: integer 
	Parameter C_DISABLE_WARN_BHV_COLL bound to: 0 - type: integer 
	Parameter C_EN_SLEEP_PIN bound to: 0 - type: integer 
	Parameter C_USE_URAM bound to: 0 - type: integer 
	Parameter C_EN_RDADDRA_CHG bound to: 0 - type: integer 
	Parameter C_EN_RDADDRB_CHG bound to: 0 - type: integer 
	Parameter C_EN_DEEPSLEEP_PIN bound to: 0 - type: integer 
	Parameter C_EN_SHUTDOWN_PIN bound to: 0 - type: integer 
	Parameter C_EN_SAFETY_CKT bound to: 0 - type: integer 
	Parameter C_DISABLE_WARN_BHV_RANGE bound to: 0 - type: integer 
	Parameter C_COUNT_36K_BRAM bound to: 24 - type: string 
	Parameter C_COUNT_18K_BRAM bound to: 8 - type: string 
	Parameter C_EST_POWER_SUMMARY bound to: Estimated Power for IP     :     33.457774 mW - type: string 
INFO: [Synth 8-3491] module 'blk_mem_gen_v8_4_8' declared at '/home/fpga/worker_place/temp/f357c2eeb31342deab208ddd84ee8bf1/ip/blk_mem_gen_0/ip/blk_mem_gen_0/hdl/blk_mem_gen_v8_4_vhsyn_rfs.vhd:195208' bound to instance 'U0' of component 'blk_mem_gen_v8_4_8' [/home/fpga/worker_place/temp/f357c2eeb31342deab208ddd84ee8bf1/ip/blk_mem_gen_0/ip/blk_mem_gen_0/synth/blk_mem_gen_0.vhd:249]
INFO: [Synth 8-256] done synthesizing module 'blk_mem_gen_0' (0#1) [/home/fpga/worker_place/temp/f357c2eeb31342deab208ddd84ee8bf1/ip/blk_mem_gen_0/ip/blk_mem_gen_0/synth/blk_mem_gen_0.vhd:76]
WARNING: [Synth 8-7129] Port CLKB in module blk_mem_output_block is either unconnected or has no load
WARNING: [Synth 8-7129] Port SBITERR_I in module blk_mem_output_block is either unconnected or has no load
WARNING: [Synth 8-7129] Port DBITERR_I in module blk_mem_output_block is either unconnected or has no load
WARNING: [Synth 8-7129] Port RDADDRECC_I[15] in module blk_mem_output_block is either unconnected or has no load
WARNING: [Synth 8-7129] Port RDADDRECC_I[14] in module blk_mem_output_block is either unconnected or has no load
WARNING: [Synth 8-7129] Port RDADDRECC_I[13] in module blk_mem_output_block is either unconnected or has no load
WARNING: [Synth 8-7129] Port RDADDRECC_I[12] in module blk_mem_output_block is either unconnected or has no load
WARNING: [Synth 8-7129] Port RDADDRECC_I[11] in module blk_mem_output_block is either unconnected or has no load
WARNING: [Synth 8-7129] Port RDADDRECC_I[10] in module blk_mem_output_block is either unconnected or has no load
WARNING: [Synth 8-7129] Port RDADDRECC_I[9] in module blk_mem_output_block is either unconnected or has no load
WARNING: [Synth 8-7129] Port RDADDRECC_I[8] in module blk_mem_output_block is either unconnected or has no load
WARNING: [Synth 8-7129] Port RDADDRECC_I[7] in module blk_mem_output_block is either unconnected or has no load
WARNING: [Synth 8-7129] Port RDADDRECC_I[6] in module blk_mem_output_block is either unconnected or has no load
WARNING: [Synth 8-7129] Port RDADDRECC_I[5] in module blk_mem_output_block is either unconnected or has no load
WARNING: [Synth 8-7129] Port RDADDRECC_I[4] in module blk_mem_output_block is either unconnected or has no load
WARNING: [Synth 8-7129] Port RDADDRECC_I[3] in module blk_mem_output_block is either unconnected or has no load
WARNING: [Synth 8-7129] Port RDADDRECC_I[2] in module blk_mem_output_block is either unconnected or has no load
WARNING: [Synth 8-7129] Port RDADDRECC_I[1] in module blk_mem_output_block is either unconnected or has no load
WARNING: [Synth 8-7129] Port RDADDRECC_I[0] in module blk_mem_output_block is either unconnected or has no load
WARNING: [Synth 8-7129] Port SBITERR in module blk_mem_gen_prim_wrapper__parameterized25 is either unconnected or has no load
WARNING: [Synth 8-7129] Port DBITERR in module blk_mem_gen_prim_wrapper__parameterized25 is either unconnected or has no load
WARNING: [Synth 8-7129] Port SSRA in module blk_mem_gen_prim_wrapper__parameterized25 is either unconnected or has no load
WARNING: [Synth 8-7129] Port SSRB in module blk_mem_gen_prim_wrapper__parameterized25 is either unconnected or has no load
WARNING: [Synth 8-7129] Port SLEEP in module blk_mem_gen_prim_wrapper__parameterized25 is either unconnected or has no load
WARNING: [Synth 8-7129] Port INJECTSBITERR in module blk_mem_gen_prim_wrapper__parameterized25 is either unconnected or has no load
WARNING: [Synth 8-7129] Port INJECTDBITERR in module blk_mem_gen_prim_wrapper__parameterized25 is either unconnected or has no load
WARNING: [Synth 8-7129] Port ECCPIPECE in module blk_mem_gen_prim_wrapper__parameterized25 is either unconnected or has no load
WARNING: [Synth 8-7129] Port SBITERR in module blk_mem_gen_prim_wrapper__parameterized24 is either unconnected or has no load
WARNING: [Synth 8-7129] Port DBITERR in module blk_mem_gen_prim_wrapper__parameterized24 is either unconnected or has no load
WARNING: [Synth 8-7129] Port SSRA in module blk_mem_gen_prim_wrapper__parameterized24 is either unconnected or has no load
WARNING: [Synth 8-7129] Port SSRB in module blk_mem_gen_prim_wrapper__parameterized24 is either unconnected or has no load
WARNING: [Synth 8-7129] Port SLEEP in module blk_mem_gen_prim_wrapper__parameterized24 is either unconnected or has no load
WARNING: [Synth 8-7129] Port INJECTSBITERR in module blk_mem_gen_prim_wrapper__parameterized24 is either unconnected or has no load
WARNING: [Synth 8-7129] Port INJECTDBITERR in module blk_mem_gen_prim_wrapper__parameterized24 is either unconnected or has no load
WARNING: [Synth 8-7129] Port ECCPIPECE in module blk_mem_gen_prim_wrapper__parameterized24 is either unconnected or has no load
WARNING: [Synth 8-7129] Port SBITERR in module blk_mem_gen_prim_wrapper__parameterized10 is either unconnected or has no load
WARNING: [Synth 8-7129] Port DBITERR in module blk_mem_gen_prim_wrapper__parameterized10 is either unconnected or has no load
WARNING: [Synth 8-7129] Port SSRA in module blk_mem_gen_prim_wrapper__parameterized10 is either unconnected or has no load
WARNING: [Synth 8-7129] Port SSRB in module blk_mem_gen_prim_wrapper__parameterized10 is either unconnected or has no load
WARNING: [Synth 8-7129] Port SLEEP in module blk_mem_gen_prim_wrapper__parameterized10 is either unconnected or has no load
WARNING: [Synth 8-7129] Port INJECTSBITERR in module blk_mem_gen_prim_wrapper__parameterized10 is either unconnected or has no load
WARNING: [Synth 8-7129] Port INJECTDBITERR in module blk_mem_gen_prim_wrapper__parameterized10 is either unconnected or has no load
WARNING: [Synth 8-7129] Port ECCPIPECE in module blk_mem_gen_prim_wrapper__parameterized10 is either unconnected or has no load
WARNING: [Synth 8-7129] Port SBITERR in module blk_mem_gen_prim_wrapper__parameterized0 is either unconnected or has no load
WARNING: [Synth 8-7129] Port DBITERR in module blk_mem_gen_prim_wrapper__parameterized0 is either unconnected or has no load
WARNING: [Synth 8-7129] Port SSRA in module blk_mem_gen_prim_wrapper__parameterized0 is either unconnected or has no load
WARNING: [Synth 8-7129] Port SSRB in module blk_mem_gen_prim_wrapper__parameterized0 is either unconnected or has no load
WARNING: [Synth 8-7129] Port SLEEP in module blk_mem_gen_prim_wrapper__parameterized0 is either unconnected or has no load
WARNING: [Synth 8-7129] Port INJECTSBITERR in module blk_mem_gen_prim_wrapper__parameterized0 is either unconnected or has no load
WARNING: [Synth 8-7129] Port INJECTDBITERR in module blk_mem_gen_prim_wrapper__parameterized0 is either unconnected or has no load
WARNING: [Synth 8-7129] Port ECCPIPECE in module blk_mem_gen_prim_wrapper__parameterized0 is either unconnected or has no load
WARNING: [Synth 8-7129] Port SBITERR in module blk_mem_gen_prim_wrapper is either unconnected or has no load
WARNING: [Synth 8-7129] Port DBITERR in module blk_mem_gen_prim_wrapper is either unconnected or has no load
WARNING: [Synth 8-7129] Port SSRA in module blk_mem_gen_prim_wrapper is either unconnected or has no load
WARNING: [Synth 8-7129] Port SSRB in module blk_mem_gen_prim_wrapper is either unconnected or has no load
WARNING: [Synth 8-7129] Port SLEEP in module blk_mem_gen_prim_wrapper is either unconnected or has no load
WARNING: [Synth 8-7129] Port INJECTSBITERR in module blk_mem_gen_prim_wrapper is either unconnected or has no load
WARNING: [Synth 8-7129] Port INJECTDBITERR in module blk_mem_gen_prim_wrapper is either unconnected or has no load
WARNING: [Synth 8-7129] Port ECCPIPECE in module blk_mem_gen_prim_wrapper is either unconnected or has no load
WARNING: [Synth 8-7129] Port SBITERR in module blk_mem_gen_prim_wrapper__parameterized1 is either unconnected or has no load
WARNING: [Synth 8-7129] Port DBITERR in module blk_mem_gen_prim_wrapper__parameterized1 is either unconnected or has no load
WARNING: [Synth 8-7129] Port SSRA in module blk_mem_gen_prim_wrapper__parameterized1 is either unconnected or has no load
WARNING: [Synth 8-7129] Port SSRB in module blk_mem_gen_prim_wrapper__parameterized1 is either unconnected or has no load
WARNING: [Synth 8-7129] Port SLEEP in module blk_mem_gen_prim_wrapper__parameterized1 is either unconnected or has no load
WARNING: [Synth 8-7129] Port INJECTSBITERR in module blk_mem_gen_prim_wrapper__parameterized1 is either unconnected or has no load
WARNING: [Synth 8-7129] Port INJECTDBITERR in module blk_mem_gen_prim_wrapper__parameterized1 is either unconnected or has no load
WARNING: [Synth 8-7129] Port ECCPIPECE in module blk_mem_gen_prim_wrapper__parameterized1 is either unconnected or has no load
WARNING: [Synth 8-7129] Port SBITERR in module blk_mem_gen_prim_wrapper__parameterized2 is either unconnected or has no load
WARNING: [Synth 8-7129] Port DBITERR in module blk_mem_gen_prim_wrapper__parameterized2 is either unconnected or has no load
WARNING: [Synth 8-7129] Port SSRA in module blk_mem_gen_prim_wrapper__parameterized2 is either unconnected or has no load
WARNING: [Synth 8-7129] Port SSRB in module blk_mem_gen_prim_wrapper__parameterized2 is either unconnected or has no load
WARNING: [Synth 8-7129] Port SLEEP in module blk_mem_gen_prim_wrapper__parameterized2 is either unconnected or has no load
WARNING: [Synth 8-7129] Port INJECTSBITERR in module blk_mem_gen_prim_wrapper__parameterized2 is either unconnected or has no load
WARNING: [Synth 8-7129] Port INJECTDBITERR in module blk_mem_gen_prim_wrapper__parameterized2 is either unconnected or has no load
WARNING: [Synth 8-7129] Port ECCPIPECE in module blk_mem_gen_prim_wrapper__parameterized2 is either unconnected or has no load
WARNING: [Synth 8-7129] Port MUX_RST[0] in module blk_mem_gen_mux__parameterized0 is either unconnected or has no load
WARNING: [Synth 8-7129] Port MEM_LAT_RST in module blk_mem_gen_mux__parameterized0 is either unconnected or has no load
WARNING: [Synth 8-7129] Port MUX_REGCE[0] in module blk_mem_gen_mux__parameterized0 is either unconnected or has no load
WARNING: [Synth 8-7129] Port WE in module blk_mem_gen_mux__parameterized0 is either unconnected or has no load
WARNING: [Synth 8-7129] Port ADDR_IN[15] in module blk_mem_gen_mux__parameterized0 is either unconnected or has no load
WARNING: [Synth 8-7129] Port ADDR_IN[14] in module blk_mem_gen_mux__parameterized0 is either unconnected or has no load
WARNING: [Synth 8-7129] Port ADDR_IN[13] in module blk_mem_gen_mux__parameterized0 is either unconnected or has no load
WARNING: [Synth 8-7129] Port ADDR_IN[12] in module blk_mem_gen_mux__parameterized0 is either unconnected or has no load
WARNING: [Synth 8-7129] Port ADDR_IN[11] in module blk_mem_gen_mux__parameterized0 is either unconnected or has no load
WARNING: [Synth 8-7129] Port ADDR_IN[10] in module blk_mem_gen_mux__parameterized0 is either unconnected or has no load
WARNING: [Synth 8-7129] Port ADDR_IN[9] in module blk_mem_gen_mux__parameterized0 is either unconnected or has no load
WARNING: [Synth 8-7129] Port ADDR_IN[8] in module blk_mem_gen_mux__parameterized0 is either unconnected or has no load
WARNING: [Synth 8-7129] Port ADDR_IN[7] in module blk_mem_gen_mux__parameterized0 is either unconnected or has no load
WARNING: [Synth 8-7129] Port ADDR_IN[6] in module blk_mem_gen_mux__parameterized0 is either unconnected or has no load
WARNING: [Synth 8-7129] Port ADDR_IN[5] in module blk_mem_gen_mux__parameterized0 is either unconnected or has no load
WARNING: [Synth 8-7129] Port ADDR_IN[4] in module blk_mem_gen_mux__parameterized0 is either unconnected or has no load
WARNING: [Synth 8-7129] Port ADDR_IN[3] in module blk_mem_gen_mux__parameterized0 is either unconnected or has no load
WARNING: [Synth 8-7129] Port ADDR_IN[2] in module blk_mem_gen_mux__parameterized0 is either unconnected or has no load
WARNING: [Synth 8-7129] Port ADDR_IN[1] in module blk_mem_gen_mux__parameterized0 is either unconnected or has no load
WARNING: [Synth 8-7129] Port ADDR_IN[0] in module blk_mem_gen_mux__parameterized0 is either unconnected or has no load
WARNING: [Synth 8-7129] Port SBITERRIN[511] in module blk_mem_gen_mux__parameterized0 is either unconnected or has no load
WARNING: [Synth 8-7129] Port SBITERRIN[510] in module blk_mem_gen_mux__parameterized0 is either unconnected or has no load
WARNING: [Synth 8-7129] Port SBITERRIN[509] in module blk_mem_gen_mux__parameterized0 is either unconnected or has no load
WARNING: [Synth 8-7129] Port SBITERRIN[508] in module blk_mem_gen_mux__parameterized0 is either unconnected or has no load
WARNING: [Synth 8-7129] Port SBITERRIN[507] in module blk_mem_gen_mux__parameterized0 is either unconnected or has no load
INFO: [Common 17-14] Message 'Synth 8-7129' appears 100 times and further instances of the messages will be disabled. Use the Tcl command set_msg_config to change the current settings.
---------------------------------------------------------------------------------
Finished RTL Elaboration : Time (s): cpu = 00:00:06 ; elapsed = 00:00:07 . Memory (MB): peak = 2551.586 ; gain = 718.137 ; free physical = 16760 ; free virtual = 36775
---------------------------------------------------------------------------------
---------------------------------------------------------------------------------
Start Handling Custom Attributes
---------------------------------------------------------------------------------
---------------------------------------------------------------------------------
Finished Handling Custom Attributes : Time (s): cpu = 00:00:06 ; elapsed = 00:00:07 . Memory (MB): peak = 2551.586 ; gain = 718.137 ; free physical = 16760 ; free virtual = 36775
---------------------------------------------------------------------------------
---------------------------------------------------------------------------------
Finished RTL Optimization Phase 1 : Time (s): cpu = 00:00:06 ; elapsed = 00:00:07 . Memory (MB): peak = 2551.586 ; gain = 718.137 ; free physical = 16760 ; free virtual = 36775
---------------------------------------------------------------------------------
Netlist sorting complete. Time (s): cpu = 00:00:00.01 ; elapsed = 00:00:00.01 . Memory (MB): peak = 2551.586 ; gain = 0.000 ; free physical = 16760 ; free virtual = 36775
INFO: [Netlist 29-17] Analyzing 32 Unisim elements for replacement
INFO: [Netlist 29-28] Unisim Transformation completed in 0 CPU seconds
INFO: [Project 1-570] Preparing netlist for logic optimization

Processing XDC Constraints
Initializing timing engine
Parsing XDC File [/home/fpga/worker_place/temp/f357c2eeb31342deab208ddd84ee8bf1/ip/blk_mem_gen_0/ip/blk_mem_gen_0/blk_mem_gen_0_ooc.xdc] for cell 'U0'
Finished Parsing XDC File [/home/fpga/worker_place/temp/f357c2eeb31342deab208ddd84ee8bf1/ip/blk_mem_gen_0/ip/blk_mem_gen_0/blk_mem_gen_0_ooc.xdc] for cell 'U0'
Completed Processing XDC Constraints

Netlist sorting complete. Time (s): cpu = 00:00:00 ; elapsed = 00:00:00 . Memory (MB): peak = 2647.633 ; gain = 0.000 ; free physical = 16760 ; free virtual = 36775
INFO: [Project 1-111] Unisim Transformation Summary:
No Unisim elements were transformed.

Constraint Validation Runtime : Time (s): cpu = 00:00:00.01 ; elapsed = 00:00:00.02 . Memory (MB): peak = 2647.633 ; gain = 0.000 ; free physical = 16752 ; free virtual = 36767
---------------------------------------------------------------------------------
Finished Constraint Validation : Time (s): cpu = 00:00:09 ; elapsed = 00:00:10 . Memory (MB): peak = 2647.633 ; gain = 814.184 ; free physical = 16751 ; free virtual = 36766
---------------------------------------------------------------------------------
---------------------------------------------------------------------------------
Start Loading Part and Timing Information
---------------------------------------------------------------------------------
Loading part: xc7s50csga324-1
---------------------------------------------------------------------------------
Finished Loading Part and Timing Information : Time (s): cpu = 00:00:09 ; elapsed = 00:00:10 . Memory (MB): peak = 2647.633 ; gain = 814.184 ; free physical = 16751 ; free virtual = 36766
---------------------------------------------------------------------------------
---------------------------------------------------------------------------------
Start Applying 'set_property' XDC Constraints
---------------------------------------------------------------------------------
Applied set_property KEEP_HIERARCHY = SOFT for U0. (constraint file  auto generated constraint).
---------------------------------------------------------------------------------
Finished applying 'set_property' XDC Constraints : Time (s): cpu = 00:00:09 ; elapsed = 00:00:10 . Memory (MB): peak = 2647.633 ; gain = 814.184 ; free physical = 16751 ; free virtual = 36766
---------------------------------------------------------------------------------
---------------------------------------------------------------------------------
Finished RTL Optimization Phase 2 : Time (s): cpu = 00:00:10 ; elapsed = 00:00:10 . Memory (MB): peak = 2647.633 ; gain = 814.184 ; free physical = 16749 ; free virtual = 36766
---------------------------------------------------------------------------------
---------------------------------------------------------------------------------
Start RTL Component Statistics 
---------------------------------------------------------------------------------
Detailed RTL Component Info : 
+---Registers : 
	               16 Bit    Registers := 2     
	                5 Bit    Registers := 4     
+---Muxes : 
	   2 Input    1 Bit        Muxes := 2     
---------------------------------------------------------------------------------
Finished RTL Component Statistics 
---------------------------------------------------------------------------------
---------------------------------------------------------------------------------
Start Part Resource Summary
---------------------------------------------------------------------------------
Part Resources:
DSPs: 120 (col length:60)
BRAMs: 150 (col length: RAMB18 60 RAMB36 30)
---------------------------------------------------------------------------------
Finished Part Resource Summary
---------------------------------------------------------------------------------
---------------------------------------------------------------------------------
Start Cross Boundary and Area Optimization
---------------------------------------------------------------------------------
WARNING: [Synth 8-7080] Parallel synthesis criteria is not met
---------------------------------------------------------------------------------
Finished Cross Boundary and Area Optimization : Time (s): cpu = 00:00:10 ; elapsed = 00:00:11 . Memory (MB): peak = 2647.633 ; gain = 814.184 ; free physical = 16749 ; free virtual = 36765
---------------------------------------------------------------------------------
---------------------------------------------------------------------------------
Start Applying XDC Timing Constraints
---------------------------------------------------------------------------------
---------------------------------------------------------------------------------
Finished Applying XDC Timing Constraints : Time (s): cpu = 00:00:13 ; elapsed = 00:00:13 . Memory (MB): peak = 2647.633 ; gain = 814.184 ; free physical = 16749 ; free virtual = 36765
---------------------------------------------------------------------------------
---------------------------------------------------------------------------------
Start Timing Optimization
---------------------------------------------------------------------------------
---------------------------------------------------------------------------------
Finished Timing Optimization : Time (s): cpu = 00:00:13 ; elapsed = 00:00:13 . Memory (MB): peak = 2647.633 ; gain = 814.184 ; free physical = 16749 ; free virtual = 36765
---------------------------------------------------------------------------------
---------------------------------------------------------------------------------
Start Technology Mapping
---------------------------------------------------------------------------------
---------------------------------------------------------------------------------
Finished Technology Mapping : Time (s): cpu = 00:00:13 ; elapsed = 00:00:13 . Memory (MB): peak = 2647.633 ; gain = 814.184 ; free physical = 16749 ; free virtual = 36765
---------------------------------------------------------------------------------
---------------------------------------------------------------------------------
Start IO Insertion
---------------------------------------------------------------------------------
---------------------------------------------------------------------------------
Start Flattening Before IO Insertion
---------------------------------------------------------------------------------
---------------------------------------------------------------------------------
Finished Flattening Before IO Insertion
---------------------------------------------------------------------------------
---------------------------------------------------------------------------------
Start Final Netlist Cleanup
---------------------------------------------------------------------------------
---------------------------------------------------------------------------------
Finished Final Netlist Cleanup
---------------------------------------------------------------------------------
---------------------------------------------------------------------------------
Finished IO Insertion : Time (s): cpu = 00:00:14 ; elapsed = 00:00:15 . Memory (MB): peak = 2647.633 ; gain = 814.184 ; free physical = 16749 ; free virtual = 36765
---------------------------------------------------------------------------------
---------------------------------------------------------------------------------
Start Renaming Generated Instances
---------------------------------------------------------------------------------
---------------------------------------------------------------------------------
Finished Renaming Generated Instances : Time (s): cpu = 00:00:14 ; elapsed = 00:00:15 . Memory (MB): peak = 2647.633 ; gain = 814.184 ; free physical = 16749 ; free virtual = 36766
---------------------------------------------------------------------------------
---------------------------------------------------------------------------------
Start Rebuilding User Hierarchy
---------------------------------------------------------------------------------
---------------------------------------------------------------------------------
Finished Rebuilding User Hierarchy : Time (s): cpu = 00:00:14 ; elapsed = 00:00:15 . Memory (MB): peak = 2647.633 ; gain = 814.184 ; free physical = 16749 ; free virtual = 36766
---------------------------------------------------------------------------------
---------------------------------------------------------------------------------
Start Renaming Generated Ports
---------------------------------------------------------------------------------
---------------------------------------------------------------------------------
Finished Renaming Generated Ports : Time (s): cpu = 00:00:14 ; elapsed = 00:00:15 . Memory (MB): peak = 2647.633 ; gain = 814.184 ; free physical = 16749 ; free virtual = 36766
---------------------------------------------------------------------------------
---------------------------------------------------------------------------------
Start Handling Custom Attributes
---------------------------------------------------------------------------------
---------------------------------------------------------------------------------
Finished Handling Custom Attributes : Time (s): cpu = 00:00:14 ; elapsed = 00:00:15 . Memory (MB): peak = 2647.633 ; gain = 814.184 ; free physical = 16749 ; free virtual = 36766
---------------------------------------------------------------------------------
---------------------------------------------------------------------------------
Start Renaming Generated Nets
---------------------------------------------------------------------------------
---------------------------------------------------------------------------------
Finished Renaming Generated Nets : Time (s): cpu = 00:00:14 ; elapsed = 00:00:15 . Memory (MB): peak = 2647.633 ; gain = 814.184 ; free physical = 16749 ; free virtual = 36766
---------------------------------------------------------------------------------
---------------------------------------------------------------------------------
Start Writing Synthesis Report
---------------------------------------------------------------------------------

Report BlackBoxes: 
+-+--------------+----------+
| |BlackBox name |Instances |
+-+--------------+----------+
+-+--------------+----------+

Report Cell Usage: 
+------+---------+------+
|      |Cell     |Count |
+------+---------+------+
|1     |LUT2     |     2|
|2     |LUT3     |    10|
|3     |LUT4     |     2|
|4     |LUT5     |    30|
|5     |LUT6     |    82|
|6     |MUXF7    |    36|
|7     |MUXF8    |    18|
|8     |RAMB18E1 |     8|
|12    |RAMB36E1 |    24|
|16    |FDRE     |    20|
+------+---------+------+
---------------------------------------------------------------------------------
Finished Writing Synthesis Report : Time (s): cpu = 00:00:14 ; elapsed = 00:00:15 . Memory (MB): peak = 2647.633 ; gain = 814.184 ; free physical = 16749 ; free virtual = 36766
---------------------------------------------------------------------------------
Synthesis finished with 0 errors, 0 critical warnings and 135 warnings.
Synthesis Optimization Runtime : Time (s): cpu = 00:00:13 ; elapsed = 00:00:14 . Memory (MB): peak = 2647.633 ; gain = 718.137 ; free physical = 16749 ; free virtual = 36766
Synthesis Optimization Complete : Time (s): cpu = 00:00:14 ; elapsed = 00:00:15 . Memory (MB): peak = 2647.633 ; gain = 814.184 ; free physical = 16749 ; free virtual = 36766
INFO: [Project 1-571] Translating synthesized netlist
Netlist sorting complete. Time (s): cpu = 00:00:00.01 ; elapsed = 00:00:00 . Memory (MB): peak = 2647.633 ; gain = 0.000 ; free physical = 17043 ; free virtual = 37059
INFO: [Netlist 29-17] Analyzing 86 Unisim elements for replacement
INFO: [Netlist 29-28] Unisim Transformation completed in 0 CPU seconds
INFO: [Project 1-570] Preparing netlist for logic optimization
Parsing XDC File [/home/fpga/worker_place/temp/f357c2eeb31342deab208ddd84ee8bf1/ip/blk_mem_gen_0/ip/blk_mem_gen_0/blk_mem_gen_0_ooc.xdc] for cell 'U0'
INFO: [Vivado 12-4761] HD.CLK_SRC property is set on port clka. The net connecting to the port drives either clock PIN or hierarchical black box. Use the create_clock constraint to create a clock on this port prior to setting HD.CLK_SRC.  [/home/fpga/worker_place/temp/f357c2eeb31342deab208ddd84ee8bf1/ip/blk_mem_gen_0/ip/blk_mem_gen_0/blk_mem_gen_0_ooc.xdc:54]
INFO: [Vivado 12-4761] HD.CLK_SRC property is set on port clkb. The net connecting to the port drives either clock PIN or hierarchical black box. Use the create_clock constraint to create a clock on this port prior to setting HD.CLK_SRC.  [/home/fpga/worker_place/temp/f357c2eeb31342deab208ddd84ee8bf1/ip/blk_mem_gen_0/ip/blk_mem_gen_0/blk_mem_gen_0_ooc.xdc:57]
Finished Parsing XDC File [/home/fpga/worker_place/temp/f357c2eeb31342deab208ddd84ee8bf1/ip/blk_mem_gen_0/ip/blk_mem_gen_0/blk_mem_gen_0_ooc.xdc] for cell 'U0'
INFO: [Opt 31-138] Pushed 0 inverter(s) to 0 load pin(s).
Netlist sorting complete. Time (s): cpu = 00:00:00 ; elapsed = 00:00:00 . Memory (MB): peak = 2647.633 ; gain = 0.000 ; free physical = 17043 ; free virtual = 37059
INFO: [Project 1-111] Unisim Transformation Summary:
No Unisim elements were transformed.

Synth Design complete | Checksum: c77b6d5c
INFO: [Common 17-83] Releasing license: Synthesis
26 Infos, 102 Warnings, 0 Critical Warnings and 0 Errors encountered.
synth_design completed successfully
synth_design: Time (s): cpu = 00:00:18 ; elapsed = 00:00:17 . Memory (MB): peak = 2647.633 ; gain = 1147.059 ; free physical = 17043 ; free virtual = 37059
INFO: [Common 17-2834] synth_design peak Physical Memory [PSS] (MB): overall = 2355.582; main = 2070.903; forked = 444.194
INFO: [Common 17-2834] synth_design peak Virtual Memory [VSS] (MB): overall = 3648.117; main = 2615.621; forked = 1032.496
INFO: [Coretcl 2-1174] Renamed 66 cell refs.
INFO: [Timing 38-480] Writing timing data to binary archive.
Write ShapeDB Complete: Time (s): cpu = 00:00:00.01 ; elapsed = 00:00:00 . Memory (MB): peak = 2647.633 ; gain = 0.000 ; free physical = 17043 ; free virtual = 37059
INFO: [Common 17-1381] The checkpoint '/home/fpga/worker_place/temp/f357c2eeb31342deab208ddd84ee8bf1/ip/blk_mem_gen_0/ip/blk_mem_gen_0/blk_mem_gen_0.dcp' has been generated.
INFO: [Vivado 12-3441] generate_netlist_ip - operation complete
synth_ip: Time (s): cpu = 00:00:19 ; elapsed = 00:00:18 . Memory (MB): peak = 2647.633 ; gain = 1147.059 ; free physical = 17042 ; free virtual = 37059
INFO: [Common 17-2834] synth_ip peak Physical Memory [PSS] (MB): overall = 2355.582; main = 2072.997; forked = 444.194
INFO: [Common 17-2834] synth_ip peak Virtual Memory [VSS] (MB): overall = 3648.117; main = 2647.637; forked = 1032.496
# synth_design -top top_level -part $partNum -verbose
Command: synth_design -top top_level -part xc7s50csga324-1 -verbose
Starting synth_design
Attempting to get a license for feature 'Synthesis' and/or device 'xc7s50'
INFO: [Common 17-349] Got license for feature 'Synthesis' and/or device 'xc7s50'
INFO: [Synth 8-7079] Multithreading enabled for synth_design using a maximum of 4 processes.
---------------------------------------------------------------------------------
Starting RTL Elaboration : Time (s): cpu = 00:00:02 ; elapsed = 00:00:02 . Memory (MB): peak = 2647.664 ; gain = 0.000 ; free physical = 16758 ; free virtual = 36775
---------------------------------------------------------------------------------
WARNING: [Synth 8-6901] identifier 'ds_hcount' is used before its declaration [/home/fpga/worker_place/temp/f357c2eeb31342deab208ddd84ee8bf1/hdl/top_level.sv:178]
WARNING: [Synth 8-6901] identifier 'ds_vcount' is used before its declaration [/home/fpga/worker_place/temp/f357c2eeb31342deab208ddd84ee8bf1/hdl/top_level.sv:179]
WARNING: [Synth 8-6901] identifier 'ds_pixel' is used before its declaration [/home/fpga/worker_place/temp/f357c2eeb31342deab208ddd84ee8bf1/hdl/top_level.sv:180]
WARNING: [Synth 8-6901] identifier 'ds_valid' is used before its declaration [/home/fpga/worker_place/temp/f357c2eeb31342deab208ddd84ee8bf1/hdl/top_level.sv:181]
WARNING: [Synth 8-6901] identifier 'ds_hcount' is used before its declaration [/home/fpga/worker_place/temp/f357c2eeb31342deab208ddd84ee8bf1/hdl/top_level.sv:183]
WARNING: [Synth 8-6901] identifier 'ds_vcount' is used before its declaration [/home/fpga/worker_place/temp/f357c2eeb31342deab208ddd84ee8bf1/hdl/top_level.sv:184]
WARNING: [Synth 8-6901] identifier 'ds_pixel' is used before its declaration [/home/fpga/worker_place/temp/f357c2eeb31342deab208ddd84ee8bf1/hdl/top_level.sv:185]
WARNING: [Synth 8-6901] identifier 'ds_valid' is used before its declaration [/home/fpga/worker_place/temp/f357c2eeb31342deab208ddd84ee8bf1/hdl/top_level.sv:186]
WARNING: [Synth 8-6901] identifier 'frame_buff_pixel' is used before its declaration [/home/fpga/worker_place/temp/f357c2eeb31342deab208ddd84ee8bf1/hdl/moore_neighbor_tracing.sv:87]
WARNING: [Synth 8-6901] identifier 'WIDTH' is used before its declaration [/home/fpga/worker_place/temp/f357c2eeb31342deab208ddd84ee8bf1/hdl/circularity.sv:8]
WARNING: [Synth 8-6901] identifier 'HEIGHT' is used before its declaration [/home/fpga/worker_place/temp/f357c2eeb31342deab208ddd84ee8bf1/hdl/circularity.sv:8]
WARNING: [Synth 8-6901] identifier 'WIDTH' is used before its declaration [/home/fpga/worker_place/temp/f357c2eeb31342deab208ddd84ee8bf1/hdl/circularity.sv:9]
WARNING: [Synth 8-6901] identifier 'HEIGHT' is used before its declaration [/home/fpga/worker_place/temp/f357c2eeb31342deab208ddd84ee8bf1/hdl/circularity.sv:9]
WARNING: [Synth 8-6901] identifier 'WIDTH' is used before its declaration [/home/fpga/worker_place/temp/f357c2eeb31342deab208ddd84ee8bf1/hdl/circularity.sv:12]
WARNING: [Synth 8-6901] identifier 'HEIGHT' is used before its declaration [/home/fpga/worker_place/temp/f357c2eeb31342deab208ddd84ee8bf1/hdl/circularity.sv:12]
WARNING: [Synth 8-6901] identifier 'TOTAL_PIXELS' is used before its declaration [/home/fpga/worker_place/temp/f357c2eeb31342deab208ddd84ee8bf1/hdl/video_sig_gen.sv:15]
WARNING: [Synth 8-6901] identifier 'TOTAL_LINES' is used before its declaration [/home/fpga/worker_place/temp/f357c2eeb31342deab208ddd84ee8bf1/hdl/video_sig_gen.sv:16]
ERROR: [Synth 8-6735] net type must be explicitly specified for 'clk_in' when default_nettype is none [/home/fpga/worker_place/temp/f357c2eeb31342deab208ddd84ee8bf1/hdl/connected_components.sv:10]
ERROR: [Synth 8-6735] net type must be explicitly specified for 'rst_in' when default_nettype is none [/home/fpga/worker_place/temp/f357c2eeb31342deab208ddd84ee8bf1/hdl/connected_components.sv:11]
ERROR: [Synth 8-6735] net type must be explicitly specified for 'hcount_in' when default_nettype is none [/home/fpga/worker_place/temp/f357c2eeb31342deab208ddd84ee8bf1/hdl/connected_components.sv:12]
ERROR: [Synth 8-6735] net type must be explicitly specified for 'vcount_in' when default_nettype is none [/home/fpga/worker_place/temp/f357c2eeb31342deab208ddd84ee8bf1/hdl/connected_components.sv:13]
ERROR: [Synth 8-6735] net type must be explicitly specified for 'mask_in' when default_nettype is none [/home/fpga/worker_place/temp/f357c2eeb31342deab208ddd84ee8bf1/hdl/connected_components.sv:14]
ERROR: [Synth 8-6735] net type must be explicitly specified for 'valid_in' when default_nettype is none [/home/fpga/worker_place/temp/f357c2eeb31342deab208ddd84ee8bf1/hdl/connected_components.sv:15]
INFO: [Synth 8-10285] module 'connected_components' is ignored due to previous errors [/home/fpga/worker_place/temp/f357c2eeb31342deab208ddd84ee8bf1/hdl/connected_components.sv:111]
INFO: [Synth 8-9084] Verilog file '/home/fpga/worker_place/temp/f357c2eeb31342deab208ddd84ee8bf1/hdl/connected_components.sv' ignored due to errors
INFO: [Synth 8-6157] synthesizing module 'top_level' [/home/fpga/worker_place/temp/f357c2eeb31342deab208ddd84ee8bf1/hdl/top_level.sv:4]
ERROR: [Synth 8-439] module 'filter' not found [/home/fpga/worker_place/temp/f357c2eeb31342deab208ddd84ee8bf1/hdl/top_level.sv:235]
	Parameter K_SELECT bound to: 32'sb00000000000000000000000000000000 
	Parameter HRES bound to: 32'sb00000000000000000000000101000000 
	Parameter VRES bound to: 32'sb00000000000000000000000010110100 
ERROR: [Synth 8-196] conditional expression could not be resolved to a constant [/home/fpga/worker_place/temp/f357c2eeb31342deab208ddd84ee8bf1/hdl/top_level.sv:233]
ERROR: [Synth 8-6156] failed synthesizing module 'top_level' [/home/fpga/worker_place/temp/f357c2eeb31342deab208ddd84ee8bf1/hdl/top_level.sv:4]
---------------------------------------------------------------------------------
Finished RTL Elaboration : Time (s): cpu = 00:00:02 ; elapsed = 00:00:02 . Memory (MB): peak = 2647.664 ; gain = 0.000 ; free physical = 16758 ; free virtual = 36775
---------------------------------------------------------------------------------
RTL Elaboration failed
INFO: [Common 17-83] Releasing license: Synthesis
6 Infos, 17 Warnings, 0 Critical Warnings and 10 Errors encountered.
synth_design failed
ERROR: [Common 17-69] Command failed: Synthesis failed - please see the console or run log file for details
INFO: [Common 17-206] Exiting Vivado at Mon Nov 25 18:08:50 2024...
